{"C:\\Users\\Klaas\\Desktop\\pgm3-herexamen -klaas-cornette\\opdracht-ek2-a-spotify-application-klaas-cornette\\src\\app.js": {"path":"C:\\Users\\Klaas\\Desktop\\pgm3-herexamen -klaas-cornette\\opdracht-ek2-a-spotify-application-klaas-cornette\\src\\app.js","statementMap":{"0":{"start":{"line":78,"column":0},"end":{"line":78,"column":16}},"1":{"start":{"line":81,"column":12},"end":{"line":81,"column":21}},"2":{"start":{"line":84,"column":0},"end":{"line":84,"column":34}},"3":{"start":{"line":85,"column":0},"end":{"line":85,"column":27}},"4":{"start":{"line":86,"column":0},"end":{"line":86,"column":51}},"5":{"start":{"line":89,"column":0},"end":{"line":89,"column":74}},"6":{"start":{"line":92,"column":0},"end":{"line":92,"column":24}},"7":{"start":{"line":97,"column":12},"end":{"line":101,"column":2}},"8":{"start":{"line":103,"column":0},"end":{"line":103,"column":30}},"9":{"start":{"line":104,"column":0},"end":{"line":104,"column":30}},"10":{"start":{"line":105,"column":0},"end":{"line":105,"column":50}},"11":{"start":{"line":108,"column":0},"end":{"line":110,"column":3}},"12":{"start":{"line":109,"column":2},"end":{"line":109,"column":20}},"13":{"start":{"line":114,"column":0},"end":{"line":114,"column":28}},"14":{"start":{"line":115,"column":0},"end":{"line":115,"column":34}},"15":{"start":{"line":116,"column":0},"end":{"line":116,"column":30}},"16":{"start":{"line":117,"column":0},"end":{"line":117,"column":34}},"17":{"start":{"line":118,"column":0},"end":{"line":118,"column":51}},"18":{"start":{"line":119,"column":0},"end":{"line":119,"column":32}},"19":{"start":{"line":120,"column":0},"end":{"line":120,"column":38}},"20":{"start":{"line":121,"column":0},"end":{"line":121,"column":55}},"21":{"start":{"line":122,"column":0},"end":{"line":122,"column":39}},"22":{"start":{"line":123,"column":0},"end":{"line":123,"column":57}},"23":{"start":{"line":124,"column":0},"end":{"line":124,"column":51}},"24":{"start":{"line":125,"column":0},"end":{"line":125,"column":53}},"25":{"start":{"line":126,"column":0},"end":{"line":126,"column":49}},"26":{"start":{"line":127,"column":0},"end":{"line":127,"column":68}},"27":{"start":{"line":128,"column":0},"end":{"line":128,"column":65}},"28":{"start":{"line":129,"column":0},"end":{"line":129,"column":73}},"29":{"start":{"line":131,"column":0},"end":{"line":131,"column":25}},"30":{"start":{"line":132,"column":0},"end":{"line":132,"column":31}},"31":{"start":{"line":133,"column":0},"end":{"line":133,"column":74}},"32":{"start":{"line":134,"column":0},"end":{"line":134,"column":62}},"33":{"start":{"line":135,"column":0},"end":{"line":135,"column":44}},"34":{"start":{"line":138,"column":0},"end":{"line":138,"column":48}},"35":{"start":{"line":139,"column":0},"end":{"line":139,"column":48}},"36":{"start":{"line":140,"column":0},"end":{"line":140,"column":51}},"37":{"start":{"line":141,"column":0},"end":{"line":141,"column":41}},"38":{"start":{"line":143,"column":0},"end":{"line":143,"column":44}},"39":{"start":{"line":144,"column":0},"end":{"line":144,"column":44}},"40":{"start":{"line":145,"column":0},"end":{"line":145,"column":53}},"41":{"start":{"line":146,"column":0},"end":{"line":146,"column":47}},"42":{"start":{"line":147,"column":0},"end":{"line":147,"column":57}},"43":{"start":{"line":148,"column":0},"end":{"line":148,"column":48}},"44":{"start":{"line":150,"column":0},"end":{"line":150,"column":46}},"45":{"start":{"line":151,"column":0},"end":{"line":151,"column":46}},"46":{"start":{"line":152,"column":0},"end":{"line":152,"column":55}},"47":{"start":{"line":153,"column":0},"end":{"line":153,"column":49}},"48":{"start":{"line":154,"column":0},"end":{"line":154,"column":59}},"49":{"start":{"line":155,"column":0},"end":{"line":155,"column":50}},"50":{"start":{"line":156,"column":0},"end":{"line":156,"column":56}},"51":{"start":{"line":158,"column":0},"end":{"line":158,"column":50}},"52":{"start":{"line":159,"column":0},"end":{"line":159,"column":50}},"53":{"start":{"line":160,"column":0},"end":{"line":160,"column":57}},"54":{"start":{"line":162,"column":0},"end":{"line":162,"column":59}},"55":{"start":{"line":163,"column":0},"end":{"line":163,"column":54}},"56":{"start":{"line":164,"column":0},"end":{"line":164,"column":63}},"57":{"start":{"line":165,"column":0},"end":{"line":165,"column":66}},"58":{"start":{"line":166,"column":0},"end":{"line":166,"column":54}},"59":{"start":{"line":167,"column":0},"end":{"line":167,"column":58}},"60":{"start":{"line":170,"column":0},"end":{"line":170,"column":42}},"61":{"start":{"line":171,"column":0},"end":{"line":171,"column":42}},"62":{"start":{"line":172,"column":0},"end":{"line":172,"column":51}},"63":{"start":{"line":173,"column":0},"end":{"line":173,"column":45}},"64":{"start":{"line":174,"column":0},"end":{"line":174,"column":55}},"65":{"start":{"line":175,"column":0},"end":{"line":175,"column":46}},"66":{"start":{"line":177,"column":0},"end":{"line":177,"column":42}},"67":{"start":{"line":182,"column":0},"end":{"line":182,"column":39}},"68":{"start":{"line":183,"column":0},"end":{"line":183,"column":39}},"69":{"start":{"line":184,"column":0},"end":{"line":184,"column":45}},"70":{"start":{"line":185,"column":0},"end":{"line":185,"column":37}},"71":{"start":{"line":186,"column":0},"end":{"line":186,"column":37}},"72":{"start":{"line":188,"column":0},"end":{"line":188,"column":43}},"73":{"start":{"line":189,"column":0},"end":{"line":189,"column":43}},"74":{"start":{"line":190,"column":0},"end":{"line":190,"column":49}},"75":{"start":{"line":191,"column":0},"end":{"line":191,"column":41}},"76":{"start":{"line":192,"column":0},"end":{"line":192,"column":41}},"77":{"start":{"line":194,"column":0},"end":{"line":194,"column":41}},"78":{"start":{"line":195,"column":0},"end":{"line":195,"column":41}},"79":{"start":{"line":197,"column":0},"end":{"line":197,"column":47}},"80":{"start":{"line":198,"column":0},"end":{"line":198,"column":47}},"81":{"start":{"line":201,"column":0},"end":{"line":212,"column":7}},"82":{"start":{"line":202,"column":2},"end":{"line":212,"column":7}},"83":{"start":{"line":204,"column":6},"end":{"line":208,"column":9}},"84":{"start":{"line":205,"column":8},"end":{"line":207,"column":10}},"85":{"start":{"line":211,"column":6},"end":{"line":211,"column":36}}},"fnMap":{"0":{"name":"(anonymous_0)","decl":{"start":{"line":108,"column":73},"end":{"line":108,"column":74}},"loc":{"start":{"line":108,"column":87},"end":{"line":110,"column":1}},"line":108},"1":{"name":"(anonymous_1)","decl":{"start":{"line":203,"column":10},"end":{"line":203,"column":11}},"loc":{"start":{"line":203,"column":16},"end":{"line":209,"column":5}},"line":203},"2":{"name":"(anonymous_2)","decl":{"start":{"line":204,"column":35},"end":{"line":204,"column":36}},"loc":{"start":{"line":204,"column":41},"end":{"line":208,"column":7}},"line":204},"3":{"name":"(anonymous_3)","decl":{"start":{"line":210,"column":11},"end":{"line":210,"column":12}},"loc":{"start":{"line":210,"column":22},"end":{"line":212,"column":5}},"line":210}},"branchMap":{"0":{"loc":{"start":{"line":201,"column":0},"end":{"line":212,"column":7}},"type":"if","locations":[{"start":{"line":201,"column":0},"end":{"line":212,"column":7}},{"start":{},"end":{}}],"line":201}},"s":{"0":1,"1":1,"2":1,"3":1,"4":1,"5":1,"6":1,"7":1,"8":1,"9":1,"10":1,"11":1,"12":0,"13":1,"14":1,"15":1,"16":1,"17":1,"18":1,"19":1,"20":1,"21":1,"22":1,"23":1,"24":1,"25":1,"26":1,"27":1,"28":1,"29":1,"30":1,"31":1,"32":1,"33":1,"34":1,"35":1,"36":1,"37":1,"38":1,"39":1,"40":1,"41":1,"42":1,"43":1,"44":1,"45":1,"46":1,"47":1,"48":1,"49":1,"50":1,"51":1,"52":1,"53":1,"54":1,"55":1,"56":1,"57":1,"58":1,"59":1,"60":1,"61":1,"62":1,"63":1,"64":1,"65":1,"66":1,"67":1,"68":1,"69":1,"70":1,"71":1,"72":1,"73":1,"74":1,"75":1,"76":1,"77":1,"78":1,"79":1,"80":1,"81":1,"82":0,"83":0,"84":0,"85":0},"f":{"0":0,"1":0,"2":0,"3":0},"b":{"0":[0,1]},"_coverageSchema":"1a1c01bbd47fc00a2c39e90264f33305004495a9","hash":"9449afc3612486c2ffcf82e1d54db9d0f6825892"}
,"C:\\Users\\Klaas\\Desktop\\pgm3-herexamen -klaas-cornette\\opdracht-ek2-a-spotify-application-klaas-cornette\\src\\constants.js": {"path":"C:\\Users\\Klaas\\Desktop\\pgm3-herexamen -klaas-cornette\\opdracht-ek2-a-spotify-application-klaas-cornette\\src\\constants.js","statementMap":{"0":{"start":{"line":3,"column":27},"end":{"line":3,"column":46}},"1":{"start":{"line":5,"column":27},"end":{"line":5,"column":49}},"2":{"start":{"line":7,"column":24},"end":{"line":7,"column":47}}},"fnMap":{},"branchMap":{},"s":{"0":1,"1":1,"2":1},"f":{},"b":{},"_coverageSchema":"1a1c01bbd47fc00a2c39e90264f33305004495a9","hash":"36d4db922f05db7a0249096bee1c1b171b10f953"}
,"C:\\Users\\Klaas\\Desktop\\pgm3-herexamen -klaas-cornette\\opdracht-ek2-a-spotify-application-klaas-cornette\\src\\controllers\\add.js": {"path":"C:\\Users\\Klaas\\Desktop\\pgm3-herexamen -klaas-cornette\\opdracht-ek2-a-spotify-application-klaas-cornette\\src\\controllers\\add.js","statementMap":{"0":{"start":{"line":1,"column":19},"end":{"line":4,"column":1}},"1":{"start":{"line":2,"column":4},"end":{"line":3,"column":7}}},"fnMap":{"0":{"name":"(anonymous_0)","decl":{"start":{"line":1,"column":19},"end":{"line":1,"column":20}},"loc":{"start":{"line":1,"column":39},"end":{"line":4,"column":1}},"line":1}},"branchMap":{},"s":{"0":1,"1":0},"f":{"0":0},"b":{},"_coverageSchema":"1a1c01bbd47fc00a2c39e90264f33305004495a9","hash":"a343ea9c3a345c8d3378b80c70d3a5a79ddea771"}
,"C:\\Users\\Klaas\\Desktop\\pgm3-herexamen -klaas-cornette\\opdracht-ek2-a-spotify-application-klaas-cornette\\src\\controllers\\album.js": {"path":"C:\\Users\\Klaas\\Desktop\\pgm3-herexamen -klaas-cornette\\opdracht-ek2-a-spotify-application-klaas-cornette\\src\\controllers\\album.js","statementMap":{"0":{"start":{"line":3,"column":21},"end":{"line":11,"column":1}},"1":{"start":{"line":4,"column":22},"end":{"line":4,"column":55}},"2":{"start":{"line":5,"column":19},"end":{"line":7,"column":8}},"3":{"start":{"line":8,"column":4},"end":{"line":10,"column":7}}},"fnMap":{"0":{"name":"(anonymous_0)","decl":{"start":{"line":3,"column":21},"end":{"line":3,"column":22}},"loc":{"start":{"line":3,"column":41},"end":{"line":11,"column":1}},"line":3}},"branchMap":{},"s":{"0":1,"1":0,"2":0,"3":0},"f":{"0":0},"b":{},"_coverageSchema":"1a1c01bbd47fc00a2c39e90264f33305004495a9","hash":"ca33847087656bca3467b14d3f12a2479eb6c5fb"}
,"C:\\Users\\Klaas\\Desktop\\pgm3-herexamen -klaas-cornette\\opdracht-ek2-a-spotify-application-klaas-cornette\\src\\controllers\\artist.js": {"path":"C:\\Users\\Klaas\\Desktop\\pgm3-herexamen -klaas-cornette\\opdracht-ek2-a-spotify-application-klaas-cornette\\src\\controllers\\artist.js","statementMap":{"0":{"start":{"line":3,"column":22},"end":{"line":11,"column":1}},"1":{"start":{"line":4,"column":23},"end":{"line":4,"column":57}},"2":{"start":{"line":5,"column":20},"end":{"line":7,"column":8}},"3":{"start":{"line":8,"column":4},"end":{"line":10,"column":7}},"4":{"start":{"line":13,"column":28},"end":{"line":24,"column":1}},"5":{"start":{"line":14,"column":23},"end":{"line":14,"column":57}},"6":{"start":{"line":15,"column":15},"end":{"line":15,"column":25}},"7":{"start":{"line":16,"column":19},"end":{"line":19,"column":8}},"8":{"start":{"line":20,"column":6},"end":{"line":20,"column":25}},"9":{"start":{"line":21,"column":4},"end":{"line":23,"column":7}}},"fnMap":{"0":{"name":"(anonymous_0)","decl":{"start":{"line":3,"column":22},"end":{"line":3,"column":23}},"loc":{"start":{"line":3,"column":42},"end":{"line":11,"column":1}},"line":3},"1":{"name":"(anonymous_1)","decl":{"start":{"line":13,"column":28},"end":{"line":13,"column":29}},"loc":{"start":{"line":13,"column":48},"end":{"line":24,"column":1}},"line":13}},"branchMap":{},"s":{"0":1,"1":0,"2":0,"3":0,"4":1,"5":0,"6":0,"7":0,"8":0,"9":0},"f":{"0":0,"1":0},"b":{},"_coverageSchema":"1a1c01bbd47fc00a2c39e90264f33305004495a9","hash":"8d9602e58f56e869e0ce472ae67e9c491f586a7c"}
,"C:\\Users\\Klaas\\Desktop\\pgm3-herexamen -klaas-cornette\\opdracht-ek2-a-spotify-application-klaas-cornette\\src\\controllers\\authentication.js": {"path":"C:\\Users\\Klaas\\Desktop\\pgm3-herexamen -klaas-cornette\\opdracht-ek2-a-spotify-application-klaas-cornette\\src\\controllers\\authentication.js","statementMap":{"0":{"start":{"line":12,"column":24},"end":{"line":81,"column":1}},"1":{"start":{"line":14,"column":14},"end":{"line":14,"column":35}},"2":{"start":{"line":15,"column":22},"end":{"line":16,"column":66}},"3":{"start":{"line":16,"column":4},"end":{"line":16,"column":66}},"4":{"start":{"line":16,"column":31},"end":{"line":16,"column":52}},"5":{"start":{"line":17,"column":25},"end":{"line":17,"column":28}},"6":{"start":{"line":19,"column":17},"end":{"line":73,"column":3}},"7":{"start":{"line":76,"column":2},"end":{"line":80,"column":5}},"8":{"start":{"line":83,"column":21},"end":{"line":114,"column":1}},"9":{"start":{"line":85,"column":25},"end":{"line":85,"column":28}},"10":{"start":{"line":86,"column":14},"end":{"line":86,"column":35}},"11":{"start":{"line":87,"column":22},"end":{"line":88,"column":66}},"12":{"start":{"line":88,"column":4},"end":{"line":88,"column":66}},"13":{"start":{"line":88,"column":31},"end":{"line":88,"column":52}},"14":{"start":{"line":90,"column":17},"end":{"line":105,"column":3}},"15":{"start":{"line":108,"column":2},"end":{"line":113,"column":5}},"16":{"start":{"line":116,"column":28},"end":{"line":172,"column":1}},"17":{"start":{"line":117,"column":2},"end":{"line":171,"column":3}},"18":{"start":{"line":118,"column":19},"end":{"line":118,"column":40}},"19":{"start":{"line":120,"column":4},"end":{"line":131,"column":5}},"20":{"start":{"line":122,"column":26},"end":{"line":122,"column":28}},"21":{"start":{"line":124,"column":6},"end":{"line":126,"column":9}},"22":{"start":{"line":125,"column":8},"end":{"line":125,"column":45}},"23":{"start":{"line":128,"column":6},"end":{"line":128,"column":40}},"24":{"start":{"line":130,"column":6},"end":{"line":130,"column":20}},"25":{"start":{"line":133,"column":21},"end":{"line":133,"column":59}},"26":{"start":{"line":134,"column":21},"end":{"line":134,"column":59}},"27":{"start":{"line":135,"column":17},"end":{"line":139,"column":6}},"28":{"start":{"line":140,"column":21},"end":{"line":144,"column":6}},"29":{"start":{"line":146,"column":4},"end":{"line":149,"column":5}},"30":{"start":{"line":147,"column":6},"end":{"line":147,"column":62}},"31":{"start":{"line":148,"column":6},"end":{"line":148,"column":20}},"32":{"start":{"line":151,"column":27},"end":{"line":151,"column":65}},"33":{"start":{"line":153,"column":4},"end":{"line":164,"column":7}},"34":{"start":{"line":165,"column":4},"end":{"line":165,"column":21}},"35":{"start":{"line":167,"column":4},"end":{"line":167,"column":30}},"36":{"start":{"line":168,"column":4},"end":{"line":168,"column":27}},"37":{"start":{"line":170,"column":4},"end":{"line":170,"column":20}},"38":{"start":{"line":174,"column":25},"end":{"line":237,"column":1}},"39":{"start":{"line":175,"column":2},"end":{"line":236,"column":3}},"40":{"start":{"line":176,"column":19},"end":{"line":176,"column":40}},"41":{"start":{"line":178,"column":4},"end":{"line":190,"column":5}},"42":{"start":{"line":179,"column":6},"end":{"line":179,"column":36}},"43":{"start":{"line":181,"column":26},"end":{"line":181,"column":28}},"44":{"start":{"line":183,"column":6},"end":{"line":185,"column":9}},"45":{"start":{"line":184,"column":8},"end":{"line":184,"column":45}},"46":{"start":{"line":187,"column":6},"end":{"line":187,"column":40}},"47":{"start":{"line":189,"column":6},"end":{"line":189,"column":20}},"48":{"start":{"line":192,"column":21},"end":{"line":192,"column":59}},"49":{"start":{"line":195,"column":20},"end":{"line":195,"column":48}},"50":{"start":{"line":200,"column":4},"end":{"line":205,"column":9}},"51":{"start":{"line":207,"column":4},"end":{"line":210,"column":5}},"52":{"start":{"line":208,"column":6},"end":{"line":208,"column":64}},"53":{"start":{"line":209,"column":6},"end":{"line":209,"column":20}},"54":{"start":{"line":211,"column":17},"end":{"line":211,"column":32}},"55":{"start":{"line":213,"column":26},"end":{"line":213,"column":43}},"56":{"start":{"line":214,"column":23},"end":{"line":214,"column":36}},"57":{"start":{"line":215,"column":21},"end":{"line":215,"column":66}},"58":{"start":{"line":218,"column":4},"end":{"line":221,"column":5}},"59":{"start":{"line":219,"column":6},"end":{"line":219,"column":68}},"60":{"start":{"line":220,"column":6},"end":{"line":220,"column":20}},"61":{"start":{"line":223,"column":18},"end":{"line":227,"column":5}},"62":{"start":{"line":230,"column":4},"end":{"line":230,"column":51}},"63":{"start":{"line":233,"column":4},"end":{"line":233,"column":22}},"64":{"start":{"line":235,"column":4},"end":{"line":235,"column":20}},"65":{"start":{"line":239,"column":22},"end":{"line":242,"column":1}},"66":{"start":{"line":240,"column":2},"end":{"line":240,"column":27}},"67":{"start":{"line":241,"column":2},"end":{"line":241,"column":25}}},"fnMap":{"0":{"name":"(anonymous_0)","decl":{"start":{"line":12,"column":24},"end":{"line":12,"column":25}},"loc":{"start":{"line":12,"column":44},"end":{"line":81,"column":1}},"line":12},"1":{"name":"(anonymous_1)","decl":{"start":{"line":15,"column":22},"end":{"line":15,"column":23}},"loc":{"start":{"line":16,"column":4},"end":{"line":16,"column":66}},"line":16},"2":{"name":"(anonymous_2)","decl":{"start":{"line":16,"column":20},"end":{"line":16,"column":21}},"loc":{"start":{"line":16,"column":31},"end":{"line":16,"column":52}},"line":16},"3":{"name":"(anonymous_3)","decl":{"start":{"line":83,"column":21},"end":{"line":83,"column":22}},"loc":{"start":{"line":83,"column":41},"end":{"line":114,"column":1}},"line":83},"4":{"name":"(anonymous_4)","decl":{"start":{"line":87,"column":22},"end":{"line":87,"column":23}},"loc":{"start":{"line":88,"column":4},"end":{"line":88,"column":66}},"line":88},"5":{"name":"(anonymous_5)","decl":{"start":{"line":88,"column":20},"end":{"line":88,"column":21}},"loc":{"start":{"line":88,"column":31},"end":{"line":88,"column":52}},"line":88},"6":{"name":"(anonymous_6)","decl":{"start":{"line":116,"column":28},"end":{"line":116,"column":29}},"loc":{"start":{"line":116,"column":54},"end":{"line":172,"column":1}},"line":116},"7":{"name":"(anonymous_7)","decl":{"start":{"line":124,"column":29},"end":{"line":124,"column":30}},"loc":{"start":{"line":124,"column":40},"end":{"line":126,"column":7}},"line":124},"8":{"name":"(anonymous_8)","decl":{"start":{"line":174,"column":25},"end":{"line":174,"column":26}},"loc":{"start":{"line":174,"column":51},"end":{"line":237,"column":1}},"line":174},"9":{"name":"(anonymous_9)","decl":{"start":{"line":183,"column":29},"end":{"line":183,"column":30}},"loc":{"start":{"line":183,"column":40},"end":{"line":185,"column":7}},"line":183},"10":{"name":"(anonymous_10)","decl":{"start":{"line":239,"column":22},"end":{"line":239,"column":23}},"loc":{"start":{"line":239,"column":42},"end":{"line":242,"column":1}},"line":239}},"branchMap":{"0":{"loc":{"start":{"line":16,"column":4},"end":{"line":16,"column":66}},"type":"binary-expr","locations":[{"start":{"line":16,"column":4},"end":{"line":16,"column":58}},{"start":{"line":16,"column":62},"end":{"line":16,"column":66}}],"line":16},"1":{"loc":{"start":{"line":24,"column":13},"end":{"line":24,"column":50}},"type":"cond-expr","locations":[{"start":{"line":24,"column":31},"end":{"line":24,"column":45}},{"start":{"line":24,"column":48},"end":{"line":24,"column":50}}],"line":24},"2":{"loc":{"start":{"line":32,"column":16},"end":{"line":32,"column":59}},"type":"cond-expr","locations":[{"start":{"line":32,"column":37},"end":{"line":32,"column":54}},{"start":{"line":32,"column":57},"end":{"line":32,"column":59}}],"line":32},"3":{"loc":{"start":{"line":40,"column":13},"end":{"line":40,"column":58}},"type":"cond-expr","locations":[{"start":{"line":40,"column":35},"end":{"line":40,"column":53}},{"start":{"line":40,"column":56},"end":{"line":40,"column":58}}],"line":40},"4":{"loc":{"start":{"line":48,"column":13},"end":{"line":48,"column":56}},"type":"cond-expr","locations":[{"start":{"line":48,"column":34},"end":{"line":48,"column":51}},{"start":{"line":48,"column":54},"end":{"line":48,"column":56}}],"line":48},"5":{"loc":{"start":{"line":56,"column":13},"end":{"line":56,"column":56}},"type":"cond-expr","locations":[{"start":{"line":56,"column":34},"end":{"line":56,"column":51}},{"start":{"line":56,"column":54},"end":{"line":56,"column":56}}],"line":56},"6":{"loc":{"start":{"line":69,"column":13},"end":{"line":69,"column":33}},"type":"binary-expr","locations":[{"start":{"line":69,"column":13},"end":{"line":69,"column":27}},{"start":{"line":69,"column":31},"end":{"line":69,"column":33}}],"line":69},"7":{"loc":{"start":{"line":88,"column":4},"end":{"line":88,"column":66}},"type":"binary-expr","locations":[{"start":{"line":88,"column":4},"end":{"line":88,"column":58}},{"start":{"line":88,"column":62},"end":{"line":88,"column":66}}],"line":88},"8":{"loc":{"start":{"line":95,"column":13},"end":{"line":95,"column":50}},"type":"cond-expr","locations":[{"start":{"line":95,"column":31},"end":{"line":95,"column":45}},{"start":{"line":95,"column":48},"end":{"line":95,"column":50}}],"line":95},"9":{"loc":{"start":{"line":102,"column":16},"end":{"line":102,"column":59}},"type":"cond-expr","locations":[{"start":{"line":102,"column":37},"end":{"line":102,"column":54}},{"start":{"line":102,"column":57},"end":{"line":102,"column":59}}],"line":102},"10":{"loc":{"start":{"line":120,"column":4},"end":{"line":131,"column":5}},"type":"if","locations":[{"start":{"line":120,"column":4},"end":{"line":131,"column":5}},{"start":{},"end":{}}],"line":120},"11":{"loc":{"start":{"line":146,"column":4},"end":{"line":149,"column":5}},"type":"if","locations":[{"start":{"line":146,"column":4},"end":{"line":149,"column":5}},{"start":{},"end":{}}],"line":146},"12":{"loc":{"start":{"line":178,"column":4},"end":{"line":190,"column":5}},"type":"if","locations":[{"start":{"line":178,"column":4},"end":{"line":190,"column":5}},{"start":{},"end":{}}],"line":178},"13":{"loc":{"start":{"line":207,"column":4},"end":{"line":210,"column":5}},"type":"if","locations":[{"start":{"line":207,"column":4},"end":{"line":210,"column":5}},{"start":{},"end":{}}],"line":207},"14":{"loc":{"start":{"line":218,"column":4},"end":{"line":221,"column":5}},"type":"if","locations":[{"start":{"line":218,"column":4},"end":{"line":221,"column":5}},{"start":{},"end":{}}],"line":218}},"s":{"0":1,"1":0,"2":0,"3":0,"4":0,"5":0,"6":0,"7":0,"8":1,"9":0,"10":0,"11":0,"12":0,"13":0,"14":0,"15":0,"16":1,"17":0,"18":0,"19":0,"20":0,"21":0,"22":0,"23":0,"24":0,"25":0,"26":0,"27":0,"28":0,"29":0,"30":0,"31":0,"32":0,"33":0,"34":0,"35":0,"36":0,"37":0,"38":1,"39":0,"40":0,"41":0,"42":0,"43":0,"44":0,"45":0,"46":0,"47":0,"48":0,"49":0,"50":0,"51":0,"52":0,"53":0,"54":0,"55":0,"56":0,"57":0,"58":0,"59":0,"60":0,"61":0,"62":0,"63":0,"64":0,"65":1,"66":0,"67":0},"f":{"0":0,"1":0,"2":0,"3":0,"4":0,"5":0,"6":0,"7":0,"8":0,"9":0,"10":0},"b":{"0":[0,0],"1":[0,0],"2":[0,0],"3":[0,0],"4":[0,0],"5":[0,0],"6":[0,0],"7":[0,0],"8":[0,0],"9":[0,0],"10":[0,0],"11":[0,0],"12":[0,0],"13":[0,0],"14":[0,0]},"_coverageSchema":"1a1c01bbd47fc00a2c39e90264f33305004495a9","hash":"0b3c58db5b75cfc7438408d4cf51f20ae397f10a"}
,"C:\\Users\\Klaas\\Desktop\\pgm3-herexamen -klaas-cornette\\opdracht-ek2-a-spotify-application-klaas-cornette\\src\\controllers\\edit.js": {"path":"C:\\Users\\Klaas\\Desktop\\pgm3-herexamen -klaas-cornette\\opdracht-ek2-a-spotify-application-klaas-cornette\\src\\controllers\\edit.js","statementMap":{"0":{"start":{"line":3,"column":23},"end":{"line":31,"column":1}},"1":{"start":{"line":4,"column":25},"end":{"line":4,"column":61}},"2":{"start":{"line":5,"column":22},"end":{"line":6,"column":6}},"3":{"start":{"line":7,"column":21},"end":{"line":7,"column":53}},"4":{"start":{"line":8,"column":18},"end":{"line":9,"column":6}},"5":{"start":{"line":10,"column":17},"end":{"line":13,"column":6}},"6":{"start":{"line":14,"column":21},"end":{"line":14,"column":53}},"7":{"start":{"line":15,"column":18},"end":{"line":16,"column":6}},"8":{"start":{"line":17,"column":22},"end":{"line":17,"column":55}},"9":{"start":{"line":18,"column":19},"end":{"line":19,"column":6}},"10":{"start":{"line":20,"column":23},"end":{"line":20,"column":57}},"11":{"start":{"line":21,"column":20},"end":{"line":22,"column":6}},"12":{"start":{"line":23,"column":4},"end":{"line":30,"column":7}},"13":{"start":{"line":33,"column":28},"end":{"line":38,"column":1}},"14":{"start":{"line":34,"column":15},"end":{"line":34,"column":25}},"15":{"start":{"line":35,"column":4},"end":{"line":37,"column":7}},"16":{"start":{"line":40,"column":25},"end":{"line":45,"column":1}},"17":{"start":{"line":41,"column":15},"end":{"line":41,"column":25}},"18":{"start":{"line":42,"column":4},"end":{"line":44,"column":7}},"19":{"start":{"line":47,"column":24},"end":{"line":52,"column":1}},"20":{"start":{"line":48,"column":15},"end":{"line":48,"column":25}},"21":{"start":{"line":49,"column":4},"end":{"line":51,"column":7}},"22":{"start":{"line":54,"column":26},"end":{"line":59,"column":1}},"23":{"start":{"line":55,"column":15},"end":{"line":55,"column":25}},"24":{"start":{"line":56,"column":4},"end":{"line":58,"column":7}},"25":{"start":{"line":61,"column":34},"end":{"line":72,"column":1}},"26":{"start":{"line":62,"column":15},"end":{"line":62,"column":25}},"27":{"start":{"line":63,"column":25},"end":{"line":63,"column":61}},"28":{"start":{"line":64,"column":22},"end":{"line":67,"column":6}},"29":{"start":{"line":68,"column":4},"end":{"line":71,"column":7}},"30":{"start":{"line":74,"column":32},"end":{"line":91,"column":1}},"31":{"start":{"line":75,"column":15},"end":{"line":75,"column":25}},"32":{"start":{"line":76,"column":22},"end":{"line":76,"column":55}},"33":{"start":{"line":77,"column":19},"end":{"line":80,"column":6}},"34":{"start":{"line":81,"column":23},"end":{"line":81,"column":57}},"35":{"start":{"line":82,"column":20},"end":{"line":85,"column":6}},"36":{"start":{"line":87,"column":4},"end":{"line":90,"column":7}},"37":{"start":{"line":93,"column":27},"end":{"line":132,"column":3}},"38":{"start":{"line":94,"column":4},"end":{"line":131,"column":5}},"39":{"start":{"line":95,"column":24},"end":{"line":95,"column":57}},"40":{"start":{"line":96,"column":25},"end":{"line":96,"column":59}},"41":{"start":{"line":97,"column":17},"end":{"line":97,"column":27}},"42":{"start":{"line":98,"column":20},"end":{"line":101,"column":8}},"43":{"start":{"line":102,"column":21},"end":{"line":105,"column":8}},"44":{"start":{"line":107,"column":19},"end":{"line":107,"column":21}},"45":{"start":{"line":108,"column":6},"end":{"line":112,"column":9}},"46":{"start":{"line":109,"column":8},"end":{"line":111,"column":9}},"47":{"start":{"line":110,"column":12},"end":{"line":110,"column":26}},"48":{"start":{"line":113,"column":26},"end":{"line":115,"column":12}},"49":{"start":{"line":114,"column":8},"end":{"line":114,"column":48}},"50":{"start":{"line":116,"column":6},"end":{"line":116,"column":30}},"51":{"start":{"line":117,"column":27},"end":{"line":122,"column":7}},"52":{"start":{"line":123,"column":6},"end":{"line":123,"column":42}},"53":{"start":{"line":124,"column":6},"end":{"line":126,"column":9}},"54":{"start":{"line":128,"column":6},"end":{"line":130,"column":9}},"55":{"start":{"line":134,"column":28},"end":{"line":168,"column":1}},"56":{"start":{"line":135,"column":2},"end":{"line":167,"column":5}},"57":{"start":{"line":136,"column":27},"end":{"line":136,"column":63}},"58":{"start":{"line":137,"column":17},"end":{"line":137,"column":27}},"59":{"start":{"line":138,"column":26},"end":{"line":138,"column":37}},"60":{"start":{"line":139,"column":23},"end":{"line":142,"column":8}},"61":{"start":{"line":143,"column":19},"end":{"line":143,"column":21}},"62":{"start":{"line":144,"column":6},"end":{"line":148,"column":9}},"63":{"start":{"line":145,"column":8},"end":{"line":147,"column":9}},"64":{"start":{"line":146,"column":12},"end":{"line":146,"column":26}},"65":{"start":{"line":149,"column":26},"end":{"line":151,"column":12}},"66":{"start":{"line":150,"column":8},"end":{"line":150,"column":48}},"67":{"start":{"line":152,"column":29},"end":{"line":157,"column":7}},"68":{"start":{"line":158,"column":6},"end":{"line":158,"column":33}},"69":{"start":{"line":159,"column":6},"end":{"line":159,"column":46}},"70":{"start":{"line":160,"column":6},"end":{"line":162,"column":9}},"71":{"start":{"line":164,"column":6},"end":{"line":166,"column":9}}},"fnMap":{"0":{"name":"(anonymous_0)","decl":{"start":{"line":3,"column":23},"end":{"line":3,"column":24}},"loc":{"start":{"line":3,"column":43},"end":{"line":31,"column":1}},"line":3},"1":{"name":"(anonymous_1)","decl":{"start":{"line":33,"column":28},"end":{"line":33,"column":29}},"loc":{"start":{"line":33,"column":48},"end":{"line":38,"column":1}},"line":33},"2":{"name":"(anonymous_2)","decl":{"start":{"line":40,"column":25},"end":{"line":40,"column":26}},"loc":{"start":{"line":40,"column":45},"end":{"line":45,"column":1}},"line":40},"3":{"name":"(anonymous_3)","decl":{"start":{"line":47,"column":24},"end":{"line":47,"column":25}},"loc":{"start":{"line":47,"column":44},"end":{"line":52,"column":1}},"line":47},"4":{"name":"(anonymous_4)","decl":{"start":{"line":54,"column":26},"end":{"line":54,"column":27}},"loc":{"start":{"line":54,"column":46},"end":{"line":59,"column":1}},"line":54},"5":{"name":"(anonymous_5)","decl":{"start":{"line":61,"column":34},"end":{"line":61,"column":35}},"loc":{"start":{"line":61,"column":54},"end":{"line":72,"column":1}},"line":61},"6":{"name":"(anonymous_6)","decl":{"start":{"line":74,"column":32},"end":{"line":74,"column":33}},"loc":{"start":{"line":74,"column":52},"end":{"line":91,"column":1}},"line":74},"7":{"name":"(anonymous_7)","decl":{"start":{"line":93,"column":27},"end":{"line":93,"column":28}},"loc":{"start":{"line":93,"column":47},"end":{"line":132,"column":3}},"line":93},"8":{"name":"(anonymous_8)","decl":{"start":{"line":108,"column":27},"end":{"line":108,"column":28}},"loc":{"start":{"line":108,"column":32},"end":{"line":112,"column":7}},"line":108},"9":{"name":"(anonymous_9)","decl":{"start":{"line":113,"column":40},"end":{"line":113,"column":41}},"loc":{"start":{"line":113,"column":71},"end":{"line":115,"column":7}},"line":113},"10":{"name":"(anonymous_10)","decl":{"start":{"line":134,"column":28},"end":{"line":134,"column":29}},"loc":{"start":{"line":134,"column":48},"end":{"line":168,"column":1}},"line":134},"11":{"name":"(anonymous_11)","decl":{"start":{"line":144,"column":28},"end":{"line":144,"column":29}},"loc":{"start":{"line":144,"column":33},"end":{"line":148,"column":7}},"line":144},"12":{"name":"(anonymous_12)","decl":{"start":{"line":149,"column":40},"end":{"line":149,"column":41}},"loc":{"start":{"line":149,"column":71},"end":{"line":151,"column":7}},"line":149}},"branchMap":{"0":{"loc":{"start":{"line":109,"column":8},"end":{"line":111,"column":9}},"type":"if","locations":[{"start":{"line":109,"column":8},"end":{"line":111,"column":9}},{"start":{},"end":{}}],"line":109},"1":{"loc":{"start":{"line":145,"column":8},"end":{"line":147,"column":9}},"type":"if","locations":[{"start":{"line":145,"column":8},"end":{"line":147,"column":9}},{"start":{},"end":{}}],"line":145}},"s":{"0":1,"1":0,"2":0,"3":0,"4":0,"5":0,"6":0,"7":0,"8":0,"9":0,"10":0,"11":0,"12":0,"13":1,"14":0,"15":0,"16":1,"17":0,"18":0,"19":1,"20":0,"21":0,"22":1,"23":0,"24":0,"25":1,"26":0,"27":0,"28":0,"29":0,"30":1,"31":0,"32":0,"33":0,"34":0,"35":0,"36":0,"37":1,"38":0,"39":0,"40":0,"41":0,"42":0,"43":0,"44":0,"45":0,"46":0,"47":0,"48":0,"49":0,"50":0,"51":0,"52":0,"53":0,"54":0,"55":1,"56":0,"57":0,"58":0,"59":0,"60":0,"61":0,"62":0,"63":0,"64":0,"65":0,"66":0,"67":0,"68":0,"69":0,"70":0,"71":0},"f":{"0":0,"1":0,"2":0,"3":0,"4":0,"5":0,"6":0,"7":0,"8":0,"9":0,"10":0,"11":0,"12":0},"b":{"0":[0,0],"1":[0,0]},"_coverageSchema":"1a1c01bbd47fc00a2c39e90264f33305004495a9","hash":"4a3ddcd5bdbd8c0dcfc2adedb511bc78469f861e"}
,"C:\\Users\\Klaas\\Desktop\\pgm3-herexamen -klaas-cornette\\opdracht-ek2-a-spotify-application-klaas-cornette\\src\\controllers\\home.js": {"path":"C:\\Users\\Klaas\\Desktop\\pgm3-herexamen -klaas-cornette\\opdracht-ek2-a-spotify-application-klaas-cornette\\src\\controllers\\home.js","statementMap":{"0":{"start":{"line":4,"column":20},"end":{"line":33,"column":1}},"1":{"start":{"line":5,"column":18},"end":{"line":5,"column":30}},"2":{"start":{"line":6,"column":19},"end":{"line":6,"column":57}},"3":{"start":{"line":7,"column":15},"end":{"line":10,"column":4}},"4":{"start":{"line":12,"column":19},"end":{"line":12,"column":61}},"5":{"start":{"line":13,"column":15},"end":{"line":15,"column":4}},"6":{"start":{"line":17,"column":19},"end":{"line":17,"column":57}},"7":{"start":{"line":18,"column":15},"end":{"line":19,"column":4}},"8":{"start":{"line":20,"column":22},"end":{"line":20,"column":38}},"9":{"start":{"line":21,"column":23},"end":{"line":21,"column":65}},"10":{"start":{"line":22,"column":19},"end":{"line":25,"column":4}},"11":{"start":{"line":26,"column":2},"end":{"line":32,"column":5}}},"fnMap":{"0":{"name":"(anonymous_0)","decl":{"start":{"line":4,"column":20},"end":{"line":4,"column":21}},"loc":{"start":{"line":4,"column":40},"end":{"line":33,"column":1}},"line":4}},"branchMap":{},"s":{"0":1,"1":0,"2":0,"3":0,"4":0,"5":0,"6":0,"7":0,"8":0,"9":0,"10":0,"11":0},"f":{"0":0},"b":{},"_coverageSchema":"1a1c01bbd47fc00a2c39e90264f33305004495a9","hash":"9e3599612037cf18ecdca8c14bd7ebe292c4a75e"}
,"C:\\Users\\Klaas\\Desktop\\pgm3-herexamen -klaas-cornette\\opdracht-ek2-a-spotify-application-klaas-cornette\\src\\controllers\\playlist.js": {"path":"C:\\Users\\Klaas\\Desktop\\pgm3-herexamen -klaas-cornette\\opdracht-ek2-a-spotify-application-klaas-cornette\\src\\controllers\\playlist.js","statementMap":{"0":{"start":{"line":3,"column":24},"end":{"line":19,"column":1}},"1":{"start":{"line":4,"column":21},"end":{"line":4,"column":53}},"2":{"start":{"line":5,"column":15},"end":{"line":5,"column":26}},"3":{"start":{"line":6,"column":17},"end":{"line":9,"column":8}},"4":{"start":{"line":10,"column":25},"end":{"line":10,"column":61}},"5":{"start":{"line":11,"column":22},"end":{"line":13,"column":8}},"6":{"start":{"line":14,"column":24},"end":{"line":14,"column":37}},"7":{"start":{"line":15,"column":4},"end":{"line":18,"column":7}},"8":{"start":{"line":21,"column":30},"end":{"line":31,"column":1}},"9":{"start":{"line":22,"column":25},"end":{"line":22,"column":61}},"10":{"start":{"line":23,"column":15},"end":{"line":23,"column":25}},"11":{"start":{"line":24,"column":21},"end":{"line":27,"column":8}},"12":{"start":{"line":28,"column":4},"end":{"line":30,"column":7}}},"fnMap":{"0":{"name":"(anonymous_0)","decl":{"start":{"line":3,"column":24},"end":{"line":3,"column":25}},"loc":{"start":{"line":3,"column":44},"end":{"line":19,"column":1}},"line":3},"1":{"name":"(anonymous_1)","decl":{"start":{"line":21,"column":30},"end":{"line":21,"column":31}},"loc":{"start":{"line":21,"column":50},"end":{"line":31,"column":1}},"line":21}},"branchMap":{},"s":{"0":1,"1":0,"2":0,"3":0,"4":0,"5":0,"6":0,"7":0,"8":1,"9":0,"10":0,"11":0,"12":0},"f":{"0":0,"1":0},"b":{},"_coverageSchema":"1a1c01bbd47fc00a2c39e90264f33305004495a9","hash":"444ce06673877660baedd0bd4254fb1e097516e2"}
,"C:\\Users\\Klaas\\Desktop\\pgm3-herexamen -klaas-cornette\\opdracht-ek2-a-spotify-application-klaas-cornette\\src\\controllers\\song.js": {"path":"C:\\Users\\Klaas\\Desktop\\pgm3-herexamen -klaas-cornette\\opdracht-ek2-a-spotify-application-klaas-cornette\\src\\controllers\\song.js","statementMap":{"0":{"start":{"line":3,"column":20},"end":{"line":11,"column":1}},"1":{"start":{"line":4,"column":21},"end":{"line":4,"column":53}},"2":{"start":{"line":5,"column":18},"end":{"line":7,"column":8}},"3":{"start":{"line":8,"column":4},"end":{"line":10,"column":7}}},"fnMap":{"0":{"name":"(anonymous_0)","decl":{"start":{"line":3,"column":20},"end":{"line":3,"column":21}},"loc":{"start":{"line":3,"column":40},"end":{"line":11,"column":1}},"line":3}},"branchMap":{},"s":{"0":1,"1":0,"2":0,"3":0},"f":{"0":0},"b":{},"_coverageSchema":"1a1c01bbd47fc00a2c39e90264f33305004495a9","hash":"90baafae169ea83da01a1ab103c956dfbeb10aaa"}
,"C:\\Users\\Klaas\\Desktop\\pgm3-herexamen -klaas-cornette\\opdracht-ek2-a-spotify-application-klaas-cornette\\src\\controllers\\updateUser.js": {"path":"C:\\Users\\Klaas\\Desktop\\pgm3-herexamen -klaas-cornette\\opdracht-ek2-a-spotify-application-klaas-cornette\\src\\controllers\\updateUser.js","statementMap":{"0":{"start":{"line":5,"column":26},"end":{"line":54,"column":3}},"1":{"start":{"line":7,"column":16},"end":{"line":7,"column":37}},"2":{"start":{"line":8,"column":24},"end":{"line":9,"column":68}},"3":{"start":{"line":9,"column":6},"end":{"line":9,"column":68}},"4":{"start":{"line":9,"column":33},"end":{"line":9,"column":54}},"5":{"start":{"line":10,"column":27},"end":{"line":10,"column":30}},"6":{"start":{"line":12,"column":19},"end":{"line":45,"column":5}},"7":{"start":{"line":46,"column":17},"end":{"line":46,"column":25}},"8":{"start":{"line":48,"column":4},"end":{"line":53,"column":7}},"9":{"start":{"line":56,"column":32},"end":{"line":99,"column":3}},"10":{"start":{"line":57,"column":4},"end":{"line":98,"column":5}},"11":{"start":{"line":58,"column":21},"end":{"line":58,"column":42}},"12":{"start":{"line":60,"column":6},"end":{"line":71,"column":7}},"13":{"start":{"line":62,"column":28},"end":{"line":62,"column":30}},"14":{"start":{"line":64,"column":8},"end":{"line":66,"column":11}},"15":{"start":{"line":65,"column":10},"end":{"line":65,"column":47}},"16":{"start":{"line":68,"column":8},"end":{"line":68,"column":42}},"17":{"start":{"line":70,"column":8},"end":{"line":70,"column":22}},"18":{"start":{"line":73,"column":23},"end":{"line":73,"column":61}},"19":{"start":{"line":74,"column":26},"end":{"line":74,"column":34}},"20":{"start":{"line":77,"column":6},"end":{"line":92,"column":7}},"21":{"start":{"line":78,"column":8},"end":{"line":78,"column":64}},"22":{"start":{"line":79,"column":8},"end":{"line":91,"column":10}},"23":{"start":{"line":94,"column":6},"end":{"line":94,"column":32}},"24":{"start":{"line":95,"column":6},"end":{"line":95,"column":24}},"25":{"start":{"line":97,"column":6},"end":{"line":97,"column":22}}},"fnMap":{"0":{"name":"(anonymous_0)","decl":{"start":{"line":5,"column":26},"end":{"line":5,"column":27}},"loc":{"start":{"line":5,"column":46},"end":{"line":54,"column":3}},"line":5},"1":{"name":"(anonymous_1)","decl":{"start":{"line":8,"column":24},"end":{"line":8,"column":25}},"loc":{"start":{"line":9,"column":6},"end":{"line":9,"column":68}},"line":9},"2":{"name":"(anonymous_2)","decl":{"start":{"line":9,"column":22},"end":{"line":9,"column":23}},"loc":{"start":{"line":9,"column":33},"end":{"line":9,"column":54}},"line":9},"3":{"name":"(anonymous_3)","decl":{"start":{"line":56,"column":32},"end":{"line":56,"column":33}},"loc":{"start":{"line":56,"column":58},"end":{"line":99,"column":3}},"line":56},"4":{"name":"(anonymous_4)","decl":{"start":{"line":64,"column":31},"end":{"line":64,"column":32}},"loc":{"start":{"line":64,"column":42},"end":{"line":66,"column":9}},"line":64}},"branchMap":{"0":{"loc":{"start":{"line":9,"column":6},"end":{"line":9,"column":68}},"type":"binary-expr","locations":[{"start":{"line":9,"column":6},"end":{"line":9,"column":60}},{"start":{"line":9,"column":64},"end":{"line":9,"column":68}}],"line":9},"1":{"loc":{"start":{"line":17,"column":18},"end":{"line":17,"column":61}},"type":"cond-expr","locations":[{"start":{"line":17,"column":39},"end":{"line":17,"column":56}},{"start":{"line":17,"column":59},"end":{"line":17,"column":61}}],"line":17},"2":{"loc":{"start":{"line":60,"column":6},"end":{"line":71,"column":7}},"type":"if","locations":[{"start":{"line":60,"column":6},"end":{"line":71,"column":7}},{"start":{},"end":{}}],"line":60},"3":{"loc":{"start":{"line":77,"column":6},"end":{"line":92,"column":7}},"type":"if","locations":[{"start":{"line":77,"column":6},"end":{"line":92,"column":7}},{"start":{},"end":{}}],"line":77}},"s":{"0":1,"1":0,"2":0,"3":0,"4":0,"5":0,"6":0,"7":0,"8":0,"9":1,"10":0,"11":0,"12":0,"13":0,"14":0,"15":0,"16":0,"17":0,"18":0,"19":0,"20":0,"21":0,"22":0,"23":0,"24":0,"25":0},"f":{"0":0,"1":0,"2":0,"3":0,"4":0},"b":{"0":[0,0],"1":[0,0],"2":[0,0],"3":[0,0]},"_coverageSchema":"1a1c01bbd47fc00a2c39e90264f33305004495a9","hash":"b6b43ddacdf286276cc54defbd74d6a32a32eaad"}
,"C:\\Users\\Klaas\\Desktop\\pgm3-herexamen -klaas-cornette\\opdracht-ek2-a-spotify-application-klaas-cornette\\src\\controllers\\api\\album.js": {"path":"C:\\Users\\Klaas\\Desktop\\pgm3-herexamen -klaas-cornette\\opdracht-ek2-a-spotify-application-klaas-cornette\\src\\controllers\\api\\album.js","statementMap":{"0":{"start":{"line":5,"column":28},"end":{"line":15,"column":1}},"1":{"start":{"line":6,"column":2},"end":{"line":14,"column":3}},"2":{"start":{"line":7,"column":22},"end":{"line":7,"column":55}},"3":{"start":{"line":8,"column":22},"end":{"line":8,"column":44}},"4":{"start":{"line":9,"column":4},"end":{"line":9,"column":36}},"5":{"start":{"line":11,"column":4},"end":{"line":13,"column":7}},"6":{"start":{"line":17,"column":24},"end":{"line":28,"column":1}},"7":{"start":{"line":18,"column":2},"end":{"line":27,"column":3}},"8":{"start":{"line":19,"column":19},"end":{"line":19,"column":29}},"9":{"start":{"line":20,"column":22},"end":{"line":20,"column":55}},"10":{"start":{"line":21,"column":18},"end":{"line":21,"column":48}},"11":{"start":{"line":22,"column":4},"end":{"line":22,"column":32}},"12":{"start":{"line":24,"column":4},"end":{"line":26,"column":7}},"13":{"start":{"line":30,"column":27},"end":{"line":44,"column":1}},"14":{"start":{"line":31,"column":2},"end":{"line":43,"column":3}},"15":{"start":{"line":32,"column":19},"end":{"line":32,"column":29}},"16":{"start":{"line":33,"column":22},"end":{"line":33,"column":55}},"17":{"start":{"line":34,"column":26},"end":{"line":34,"column":59}},"18":{"start":{"line":35,"column":4},"end":{"line":35,"column":42}},"19":{"start":{"line":36,"column":4},"end":{"line":38,"column":7}},"20":{"start":{"line":40,"column":4},"end":{"line":42,"column":7}},"21":{"start":{"line":46,"column":25},"end":{"line":74,"column":1}},"22":{"start":{"line":47,"column":2},"end":{"line":73,"column":3}},"23":{"start":{"line":48,"column":22},"end":{"line":48,"column":55}},"24":{"start":{"line":49,"column":23},"end":{"line":49,"column":57}},"25":{"start":{"line":50,"column":19},"end":{"line":52,"column":7}},"26":{"start":{"line":53,"column":5},"end":{"line":56,"column":6}},"27":{"start":{"line":54,"column":6},"end":{"line":54,"column":57}},"28":{"start":{"line":55,"column":8},"end":{"line":55,"column":22}},"29":{"start":{"line":58,"column":22},"end":{"line":63,"column":5}},"30":{"start":{"line":64,"column":18},"end":{"line":64,"column":49}},"31":{"start":{"line":65,"column":4},"end":{"line":68,"column":7}},"32":{"start":{"line":70,"column":4},"end":{"line":72,"column":7}},"33":{"start":{"line":76,"column":27},"end":{"line":98,"column":1}},"34":{"start":{"line":77,"column":2},"end":{"line":97,"column":3}},"35":{"start":{"line":78,"column":22},"end":{"line":78,"column":55}},"36":{"start":{"line":79,"column":16},"end":{"line":79,"column":27}},"37":{"start":{"line":80,"column":18},"end":{"line":80,"column":55}},"38":{"start":{"line":82,"column":4},"end":{"line":84,"column":6}},"39":{"start":{"line":85,"column":24},"end":{"line":88,"column":5}},"40":{"start":{"line":89,"column":4},"end":{"line":89,"column":38}},"41":{"start":{"line":90,"column":4},"end":{"line":92,"column":7}},"42":{"start":{"line":94,"column":4},"end":{"line":96,"column":7}}},"fnMap":{"0":{"name":"(anonymous_0)","decl":{"start":{"line":5,"column":28},"end":{"line":5,"column":29}},"loc":{"start":{"line":5,"column":48},"end":{"line":15,"column":1}},"line":5},"1":{"name":"(anonymous_1)","decl":{"start":{"line":17,"column":24},"end":{"line":17,"column":25}},"loc":{"start":{"line":17,"column":44},"end":{"line":28,"column":1}},"line":17},"2":{"name":"(anonymous_2)","decl":{"start":{"line":30,"column":27},"end":{"line":30,"column":28}},"loc":{"start":{"line":30,"column":47},"end":{"line":44,"column":1}},"line":30},"3":{"name":"(anonymous_3)","decl":{"start":{"line":46,"column":25},"end":{"line":46,"column":26}},"loc":{"start":{"line":46,"column":45},"end":{"line":74,"column":1}},"line":46},"4":{"name":"(anonymous_4)","decl":{"start":{"line":76,"column":27},"end":{"line":76,"column":28}},"loc":{"start":{"line":76,"column":47},"end":{"line":98,"column":1}},"line":76}},"branchMap":{"0":{"loc":{"start":{"line":53,"column":5},"end":{"line":56,"column":6}},"type":"if","locations":[{"start":{"line":53,"column":5},"end":{"line":56,"column":6}},{"start":{},"end":{}}],"line":53}},"s":{"0":1,"1":1,"2":1,"3":1,"4":1,"5":0,"6":1,"7":1,"8":1,"9":1,"10":1,"11":1,"12":0,"13":1,"14":0,"15":0,"16":0,"17":0,"18":0,"19":0,"20":0,"21":1,"22":0,"23":0,"24":0,"25":0,"26":0,"27":0,"28":0,"29":0,"30":0,"31":0,"32":0,"33":1,"34":0,"35":0,"36":0,"37":0,"38":0,"39":0,"40":0,"41":0,"42":0},"f":{"0":1,"1":1,"2":0,"3":0,"4":0},"b":{"0":[0,0]},"_coverageSchema":"1a1c01bbd47fc00a2c39e90264f33305004495a9","hash":"d63f9f02fdeb7eb59f9fead1fbcac978d7e28ad6"}
,"C:\\Users\\Klaas\\Desktop\\pgm3-herexamen -klaas-cornette\\opdracht-ek2-a-spotify-application-klaas-cornette\\src\\controllers\\api\\artist.js": {"path":"C:\\Users\\Klaas\\Desktop\\pgm3-herexamen -klaas-cornette\\opdracht-ek2-a-spotify-application-klaas-cornette\\src\\controllers\\api\\artist.js","statementMap":{"0":{"start":{"line":5,"column":29},"end":{"line":15,"column":1}},"1":{"start":{"line":6,"column":2},"end":{"line":14,"column":3}},"2":{"start":{"line":7,"column":23},"end":{"line":7,"column":57}},"3":{"start":{"line":8,"column":23},"end":{"line":8,"column":46}},"4":{"start":{"line":9,"column":4},"end":{"line":9,"column":37}},"5":{"start":{"line":11,"column":4},"end":{"line":13,"column":7}},"6":{"start":{"line":17,"column":25},"end":{"line":28,"column":1}},"7":{"start":{"line":18,"column":2},"end":{"line":27,"column":3}},"8":{"start":{"line":19,"column":19},"end":{"line":19,"column":29}},"9":{"start":{"line":20,"column":23},"end":{"line":20,"column":57}},"10":{"start":{"line":21,"column":19},"end":{"line":21,"column":50}},"11":{"start":{"line":22,"column":4},"end":{"line":22,"column":33}},"12":{"start":{"line":24,"column":4},"end":{"line":26,"column":7}},"13":{"start":{"line":30,"column":28},"end":{"line":44,"column":1}},"14":{"start":{"line":31,"column":2},"end":{"line":43,"column":3}},"15":{"start":{"line":32,"column":19},"end":{"line":32,"column":29}},"16":{"start":{"line":33,"column":23},"end":{"line":33,"column":57}},"17":{"start":{"line":34,"column":27},"end":{"line":34,"column":61}},"18":{"start":{"line":35,"column":4},"end":{"line":35,"column":44}},"19":{"start":{"line":36,"column":4},"end":{"line":38,"column":7}},"20":{"start":{"line":40,"column":4},"end":{"line":42,"column":7}},"21":{"start":{"line":46,"column":26},"end":{"line":63,"column":1}},"22":{"start":{"line":47,"column":2},"end":{"line":62,"column":3}},"23":{"start":{"line":48,"column":23},"end":{"line":48,"column":57}},"24":{"start":{"line":49,"column":23},"end":{"line":51,"column":5}},"25":{"start":{"line":52,"column":19},"end":{"line":52,"column":52}},"26":{"start":{"line":53,"column":4},"end":{"line":56,"column":5}},"27":{"start":{"line":57,"column":4},"end":{"line":57,"column":18}},"28":{"start":{"line":59,"column":4},"end":{"line":61,"column":7}},"29":{"start":{"line":65,"column":28},"end":{"line":88,"column":1}},"30":{"start":{"line":66,"column":2},"end":{"line":87,"column":3}},"31":{"start":{"line":67,"column":23},"end":{"line":67,"column":57}},"32":{"start":{"line":68,"column":16},"end":{"line":68,"column":27}},"33":{"start":{"line":69,"column":19},"end":{"line":69,"column":57}},"34":{"start":{"line":71,"column":4},"end":{"line":73,"column":6}},"35":{"start":{"line":74,"column":25},"end":{"line":77,"column":5}},"36":{"start":{"line":78,"column":4},"end":{"line":78,"column":40}},"37":{"start":{"line":79,"column":4},"end":{"line":81,"column":7}},"38":{"start":{"line":84,"column":4},"end":{"line":86,"column":7}}},"fnMap":{"0":{"name":"(anonymous_0)","decl":{"start":{"line":5,"column":29},"end":{"line":5,"column":30}},"loc":{"start":{"line":5,"column":49},"end":{"line":15,"column":1}},"line":5},"1":{"name":"(anonymous_1)","decl":{"start":{"line":17,"column":25},"end":{"line":17,"column":26}},"loc":{"start":{"line":17,"column":45},"end":{"line":28,"column":1}},"line":17},"2":{"name":"(anonymous_2)","decl":{"start":{"line":30,"column":28},"end":{"line":30,"column":29}},"loc":{"start":{"line":30,"column":48},"end":{"line":44,"column":1}},"line":30},"3":{"name":"(anonymous_3)","decl":{"start":{"line":46,"column":26},"end":{"line":46,"column":27}},"loc":{"start":{"line":46,"column":52},"end":{"line":63,"column":1}},"line":46},"4":{"name":"(anonymous_4)","decl":{"start":{"line":65,"column":28},"end":{"line":65,"column":29}},"loc":{"start":{"line":65,"column":48},"end":{"line":88,"column":1}},"line":65}},"branchMap":{},"s":{"0":1,"1":1,"2":1,"3":1,"4":1,"5":0,"6":1,"7":1,"8":1,"9":1,"10":1,"11":1,"12":0,"13":1,"14":0,"15":0,"16":0,"17":0,"18":0,"19":0,"20":0,"21":1,"22":0,"23":0,"24":0,"25":0,"26":0,"27":0,"28":0,"29":1,"30":1,"31":1,"32":1,"33":1,"34":1,"35":1,"36":1,"37":1,"38":0},"f":{"0":1,"1":1,"2":0,"3":0,"4":1},"b":{},"_coverageSchema":"1a1c01bbd47fc00a2c39e90264f33305004495a9","hash":"9802cf4af2a07010181240d51e80c850e7df2c09"}
,"C:\\Users\\Klaas\\Desktop\\pgm3-herexamen -klaas-cornette\\opdracht-ek2-a-spotify-application-klaas-cornette\\src\\controllers\\api\\playMusic.js": {"path":"C:\\Users\\Klaas\\Desktop\\pgm3-herexamen -klaas-cornette\\opdracht-ek2-a-spotify-application-klaas-cornette\\src\\controllers\\api\\playMusic.js","statementMap":{"0":{"start":{"line":6,"column":25},"end":{"line":86,"column":1}},"1":{"start":{"line":7,"column":15},"end":{"line":7,"column":25}},"2":{"start":{"line":8,"column":24},"end":{"line":8,"column":54}},"3":{"start":{"line":9,"column":4},"end":{"line":9,"column":23}}},"fnMap":{"0":{"name":"(anonymous_0)","decl":{"start":{"line":6,"column":25},"end":{"line":6,"column":26}},"loc":{"start":{"line":6,"column":45},"end":{"line":86,"column":1}},"line":6}},"branchMap":{},"s":{"0":1,"1":0,"2":0,"3":0},"f":{"0":0},"b":{},"_coverageSchema":"1a1c01bbd47fc00a2c39e90264f33305004495a9","hash":"c0c5e630e7558f9714d355a916c4af8c2000958e"}
,"C:\\Users\\Klaas\\Desktop\\pgm3-herexamen -klaas-cornette\\opdracht-ek2-a-spotify-application-klaas-cornette\\src\\controllers\\api\\playlist.js": {"path":"C:\\Users\\Klaas\\Desktop\\pgm3-herexamen -klaas-cornette\\opdracht-ek2-a-spotify-application-klaas-cornette\\src\\controllers\\api\\playlist.js","statementMap":{"0":{"start":{"line":5,"column":31},"end":{"line":15,"column":1}},"1":{"start":{"line":6,"column":2},"end":{"line":14,"column":3}},"2":{"start":{"line":7,"column":25},"end":{"line":7,"column":61}},"3":{"start":{"line":8,"column":25},"end":{"line":8,"column":50}},"4":{"start":{"line":9,"column":4},"end":{"line":9,"column":39}},"5":{"start":{"line":11,"column":4},"end":{"line":13,"column":7}},"6":{"start":{"line":17,"column":27},"end":{"line":28,"column":1}},"7":{"start":{"line":18,"column":2},"end":{"line":27,"column":3}},"8":{"start":{"line":19,"column":19},"end":{"line":19,"column":29}},"9":{"start":{"line":20,"column":25},"end":{"line":20,"column":61}},"10":{"start":{"line":21,"column":21},"end":{"line":21,"column":54}},"11":{"start":{"line":22,"column":4},"end":{"line":22,"column":35}},"12":{"start":{"line":24,"column":4},"end":{"line":26,"column":7}},"13":{"start":{"line":30,"column":30},"end":{"line":44,"column":1}},"14":{"start":{"line":31,"column":2},"end":{"line":43,"column":3}},"15":{"start":{"line":32,"column":19},"end":{"line":32,"column":29}},"16":{"start":{"line":33,"column":25},"end":{"line":33,"column":61}},"17":{"start":{"line":34,"column":29},"end":{"line":34,"column":65}},"18":{"start":{"line":35,"column":4},"end":{"line":35,"column":48}},"19":{"start":{"line":36,"column":4},"end":{"line":38,"column":7}},"20":{"start":{"line":40,"column":4},"end":{"line":42,"column":7}},"21":{"start":{"line":46,"column":28},"end":{"line":65,"column":1}},"22":{"start":{"line":47,"column":2},"end":{"line":64,"column":3}},"23":{"start":{"line":48,"column":25},"end":{"line":48,"column":61}},"24":{"start":{"line":49,"column":25},"end":{"line":54,"column":5}},"25":{"start":{"line":55,"column":21},"end":{"line":55,"column":58}},"26":{"start":{"line":56,"column":4},"end":{"line":59,"column":7}},"27":{"start":{"line":61,"column":4},"end":{"line":63,"column":7}},"28":{"start":{"line":67,"column":33},"end":{"line":104,"column":1}},"29":{"start":{"line":68,"column":2},"end":{"line":103,"column":3}},"30":{"start":{"line":69,"column":25},"end":{"line":69,"column":61}},"31":{"start":{"line":70,"column":21},"end":{"line":70,"column":53}},"32":{"start":{"line":71,"column":26},"end":{"line":74,"column":7}},"33":{"start":{"line":75,"column":5},"end":{"line":78,"column":6}},"34":{"start":{"line":76,"column":6},"end":{"line":76,"column":59}},"35":{"start":{"line":77,"column":8},"end":{"line":77,"column":22}},"36":{"start":{"line":79,"column":18},"end":{"line":81,"column":7}},"37":{"start":{"line":82,"column":5},"end":{"line":85,"column":6}},"38":{"start":{"line":83,"column":6},"end":{"line":83,"column":55}},"39":{"start":{"line":84,"column":8},"end":{"line":84,"column":22}},"40":{"start":{"line":86,"column":25},"end":{"line":93,"column":5}},"41":{"start":{"line":94,"column":21},"end":{"line":94,"column":58}},"42":{"start":{"line":95,"column":4},"end":{"line":98,"column":7}},"43":{"start":{"line":100,"column":4},"end":{"line":102,"column":7}},"44":{"start":{"line":106,"column":30},"end":{"line":128,"column":1}},"45":{"start":{"line":107,"column":2},"end":{"line":127,"column":3}},"46":{"start":{"line":108,"column":25},"end":{"line":108,"column":61}},"47":{"start":{"line":109,"column":15},"end":{"line":109,"column":26}},"48":{"start":{"line":110,"column":21},"end":{"line":110,"column":61}},"49":{"start":{"line":112,"column":4},"end":{"line":114,"column":6}},"50":{"start":{"line":115,"column":27},"end":{"line":118,"column":5}},"51":{"start":{"line":119,"column":4},"end":{"line":119,"column":44}},"52":{"start":{"line":120,"column":4},"end":{"line":122,"column":7}},"53":{"start":{"line":124,"column":4},"end":{"line":126,"column":7}},"54":{"start":{"line":130,"column":29},"end":{"line":146,"column":1}},"55":{"start":{"line":131,"column":2},"end":{"line":145,"column":3}},"56":{"start":{"line":132,"column":21},"end":{"line":132,"column":53}},"57":{"start":{"line":133,"column":23},"end":{"line":133,"column":33}},"58":{"start":{"line":134,"column":17},"end":{"line":137,"column":6}},"59":{"start":{"line":138,"column":4},"end":{"line":138,"column":23}},"60":{"start":{"line":139,"column":21},"end":{"line":139,"column":34}},"61":{"start":{"line":140,"column":4},"end":{"line":140,"column":35}},"62":{"start":{"line":142,"column":4},"end":{"line":144,"column":7}}},"fnMap":{"0":{"name":"(anonymous_0)","decl":{"start":{"line":5,"column":31},"end":{"line":5,"column":32}},"loc":{"start":{"line":5,"column":51},"end":{"line":15,"column":1}},"line":5},"1":{"name":"(anonymous_1)","decl":{"start":{"line":17,"column":27},"end":{"line":17,"column":28}},"loc":{"start":{"line":17,"column":47},"end":{"line":28,"column":1}},"line":17},"2":{"name":"(anonymous_2)","decl":{"start":{"line":30,"column":30},"end":{"line":30,"column":31}},"loc":{"start":{"line":30,"column":50},"end":{"line":44,"column":1}},"line":30},"3":{"name":"(anonymous_3)","decl":{"start":{"line":46,"column":28},"end":{"line":46,"column":29}},"loc":{"start":{"line":46,"column":48},"end":{"line":65,"column":1}},"line":46},"4":{"name":"(anonymous_4)","decl":{"start":{"line":67,"column":33},"end":{"line":67,"column":34}},"loc":{"start":{"line":67,"column":53},"end":{"line":104,"column":1}},"line":67},"5":{"name":"(anonymous_5)","decl":{"start":{"line":106,"column":30},"end":{"line":106,"column":31}},"loc":{"start":{"line":106,"column":50},"end":{"line":128,"column":1}},"line":106},"6":{"name":"(anonymous_6)","decl":{"start":{"line":130,"column":29},"end":{"line":130,"column":30}},"loc":{"start":{"line":130,"column":49},"end":{"line":146,"column":1}},"line":130}},"branchMap":{"0":{"loc":{"start":{"line":75,"column":5},"end":{"line":78,"column":6}},"type":"if","locations":[{"start":{"line":75,"column":5},"end":{"line":78,"column":6}},{"start":{},"end":{}}],"line":75},"1":{"loc":{"start":{"line":82,"column":5},"end":{"line":85,"column":6}},"type":"if","locations":[{"start":{"line":82,"column":5},"end":{"line":85,"column":6}},{"start":{},"end":{}}],"line":82}},"s":{"0":1,"1":1,"2":1,"3":1,"4":1,"5":0,"6":1,"7":1,"8":1,"9":1,"10":1,"11":1,"12":0,"13":1,"14":0,"15":0,"16":0,"17":0,"18":0,"19":0,"20":0,"21":1,"22":0,"23":0,"24":0,"25":0,"26":0,"27":0,"28":1,"29":0,"30":0,"31":0,"32":0,"33":0,"34":0,"35":0,"36":0,"37":0,"38":0,"39":0,"40":0,"41":0,"42":0,"43":0,"44":1,"45":0,"46":0,"47":0,"48":0,"49":0,"50":0,"51":0,"52":0,"53":0,"54":1,"55":0,"56":0,"57":0,"58":0,"59":0,"60":0,"61":0,"62":0},"f":{"0":1,"1":1,"2":0,"3":0,"4":0,"5":0,"6":0},"b":{"0":[0,0],"1":[0,0]},"_coverageSchema":"1a1c01bbd47fc00a2c39e90264f33305004495a9","hash":"6bd98fd3e7f220d1b106ded50d408bd1e0dc0093"}
,"C:\\Users\\Klaas\\Desktop\\pgm3-herexamen -klaas-cornette\\opdracht-ek2-a-spotify-application-klaas-cornette\\src\\controllers\\api\\song.js": {"path":"C:\\Users\\Klaas\\Desktop\\pgm3-herexamen -klaas-cornette\\opdracht-ek2-a-spotify-application-klaas-cornette\\src\\controllers\\api\\song.js","statementMap":{"0":{"start":{"line":5,"column":27},"end":{"line":15,"column":1}},"1":{"start":{"line":6,"column":2},"end":{"line":14,"column":3}},"2":{"start":{"line":7,"column":21},"end":{"line":7,"column":53}},"3":{"start":{"line":8,"column":21},"end":{"line":8,"column":42}},"4":{"start":{"line":9,"column":4},"end":{"line":9,"column":35}},"5":{"start":{"line":11,"column":4},"end":{"line":13,"column":7}},"6":{"start":{"line":17,"column":23},"end":{"line":28,"column":1}},"7":{"start":{"line":18,"column":2},"end":{"line":27,"column":3}},"8":{"start":{"line":19,"column":19},"end":{"line":19,"column":29}},"9":{"start":{"line":20,"column":21},"end":{"line":20,"column":53}},"10":{"start":{"line":21,"column":17},"end":{"line":21,"column":46}},"11":{"start":{"line":22,"column":4},"end":{"line":22,"column":31}},"12":{"start":{"line":24,"column":4},"end":{"line":26,"column":7}},"13":{"start":{"line":30,"column":26},"end":{"line":44,"column":1}},"14":{"start":{"line":31,"column":2},"end":{"line":43,"column":3}},"15":{"start":{"line":32,"column":19},"end":{"line":32,"column":29}},"16":{"start":{"line":33,"column":21},"end":{"line":33,"column":53}},"17":{"start":{"line":34,"column":25},"end":{"line":34,"column":57}},"18":{"start":{"line":35,"column":4},"end":{"line":35,"column":40}},"19":{"start":{"line":36,"column":4},"end":{"line":38,"column":7}},"20":{"start":{"line":40,"column":4},"end":{"line":42,"column":7}},"21":{"start":{"line":46,"column":24},"end":{"line":74,"column":1}},"22":{"start":{"line":47,"column":2},"end":{"line":73,"column":3}},"23":{"start":{"line":48,"column":21},"end":{"line":48,"column":53}},"24":{"start":{"line":49,"column":23},"end":{"line":49,"column":57}},"25":{"start":{"line":50,"column":19},"end":{"line":52,"column":7}},"26":{"start":{"line":53,"column":5},"end":{"line":56,"column":6}},"27":{"start":{"line":54,"column":6},"end":{"line":54,"column":57}},"28":{"start":{"line":55,"column":8},"end":{"line":55,"column":22}},"29":{"start":{"line":58,"column":21},"end":{"line":63,"column":5}},"30":{"start":{"line":64,"column":17},"end":{"line":64,"column":46}},"31":{"start":{"line":65,"column":4},"end":{"line":68,"column":7}},"32":{"start":{"line":70,"column":4},"end":{"line":72,"column":7}},"33":{"start":{"line":76,"column":26},"end":{"line":98,"column":1}},"34":{"start":{"line":77,"column":2},"end":{"line":97,"column":3}},"35":{"start":{"line":78,"column":21},"end":{"line":78,"column":53}},"36":{"start":{"line":79,"column":15},"end":{"line":79,"column":26}},"37":{"start":{"line":80,"column":17},"end":{"line":80,"column":53}},"38":{"start":{"line":82,"column":4},"end":{"line":84,"column":6}},"39":{"start":{"line":85,"column":23},"end":{"line":88,"column":5}},"40":{"start":{"line":89,"column":4},"end":{"line":89,"column":36}},"41":{"start":{"line":90,"column":4},"end":{"line":92,"column":7}},"42":{"start":{"line":94,"column":4},"end":{"line":96,"column":7}}},"fnMap":{"0":{"name":"(anonymous_0)","decl":{"start":{"line":5,"column":27},"end":{"line":5,"column":28}},"loc":{"start":{"line":5,"column":47},"end":{"line":15,"column":1}},"line":5},"1":{"name":"(anonymous_1)","decl":{"start":{"line":17,"column":23},"end":{"line":17,"column":24}},"loc":{"start":{"line":17,"column":43},"end":{"line":28,"column":1}},"line":17},"2":{"name":"(anonymous_2)","decl":{"start":{"line":30,"column":26},"end":{"line":30,"column":27}},"loc":{"start":{"line":30,"column":46},"end":{"line":44,"column":1}},"line":30},"3":{"name":"(anonymous_3)","decl":{"start":{"line":46,"column":24},"end":{"line":46,"column":25}},"loc":{"start":{"line":46,"column":50},"end":{"line":74,"column":1}},"line":46},"4":{"name":"(anonymous_4)","decl":{"start":{"line":76,"column":26},"end":{"line":76,"column":27}},"loc":{"start":{"line":76,"column":46},"end":{"line":98,"column":1}},"line":76}},"branchMap":{"0":{"loc":{"start":{"line":53,"column":5},"end":{"line":56,"column":6}},"type":"if","locations":[{"start":{"line":53,"column":5},"end":{"line":56,"column":6}},{"start":{},"end":{}}],"line":53}},"s":{"0":1,"1":1,"2":1,"3":1,"4":1,"5":0,"6":1,"7":1,"8":1,"9":1,"10":1,"11":1,"12":0,"13":1,"14":0,"15":0,"16":0,"17":0,"18":0,"19":0,"20":0,"21":1,"22":0,"23":0,"24":0,"25":0,"26":0,"27":0,"28":0,"29":0,"30":0,"31":0,"32":0,"33":1,"34":1,"35":1,"36":1,"37":1,"38":1,"39":1,"40":1,"41":1,"42":0},"f":{"0":1,"1":1,"2":0,"3":0,"4":1},"b":{"0":[0,0]},"_coverageSchema":"1a1c01bbd47fc00a2c39e90264f33305004495a9","hash":"e77040061e28e951cd4fc8e598b472b64790b909"}
,"C:\\Users\\Klaas\\Desktop\\pgm3-herexamen -klaas-cornette\\opdracht-ek2-a-spotify-application-klaas-cornette\\src\\controllers\\api\\user.js": {"path":"C:\\Users\\Klaas\\Desktop\\pgm3-herexamen -klaas-cornette\\opdracht-ek2-a-spotify-application-klaas-cornette\\src\\controllers\\api\\user.js","statementMap":{"0":{"start":{"line":5,"column":27},"end":{"line":15,"column":1}},"1":{"start":{"line":6,"column":2},"end":{"line":14,"column":3}},"2":{"start":{"line":7,"column":21},"end":{"line":7,"column":53}},"3":{"start":{"line":8,"column":21},"end":{"line":8,"column":42}},"4":{"start":{"line":9,"column":4},"end":{"line":9,"column":35}},"5":{"start":{"line":11,"column":4},"end":{"line":13,"column":7}},"6":{"start":{"line":17,"column":23},"end":{"line":28,"column":1}},"7":{"start":{"line":18,"column":2},"end":{"line":27,"column":3}},"8":{"start":{"line":19,"column":19},"end":{"line":19,"column":29}},"9":{"start":{"line":20,"column":21},"end":{"line":20,"column":53}},"10":{"start":{"line":21,"column":17},"end":{"line":21,"column":46}},"11":{"start":{"line":22,"column":4},"end":{"line":22,"column":31}},"12":{"start":{"line":24,"column":4},"end":{"line":26,"column":7}},"13":{"start":{"line":30,"column":26},"end":{"line":44,"column":1}},"14":{"start":{"line":31,"column":2},"end":{"line":43,"column":3}},"15":{"start":{"line":32,"column":19},"end":{"line":32,"column":29}},"16":{"start":{"line":33,"column":21},"end":{"line":33,"column":53}},"17":{"start":{"line":34,"column":25},"end":{"line":34,"column":57}},"18":{"start":{"line":35,"column":4},"end":{"line":35,"column":40}},"19":{"start":{"line":36,"column":4},"end":{"line":38,"column":7}},"20":{"start":{"line":40,"column":4},"end":{"line":42,"column":7}},"21":{"start":{"line":46,"column":26},"end":{"line":74,"column":1}},"22":{"start":{"line":47,"column":2},"end":{"line":73,"column":3}},"23":{"start":{"line":48,"column":19},"end":{"line":48,"column":29}},"24":{"start":{"line":49,"column":21},"end":{"line":49,"column":53}},"25":{"start":{"line":50,"column":17},"end":{"line":53,"column":7}},"26":{"start":{"line":55,"column":23},"end":{"line":63,"column":5}},"27":{"start":{"line":64,"column":21},"end":{"line":64,"column":52}},"28":{"start":{"line":65,"column":4},"end":{"line":68,"column":7}},"29":{"start":{"line":70,"column":4},"end":{"line":72,"column":7}}},"fnMap":{"0":{"name":"(anonymous_0)","decl":{"start":{"line":5,"column":27},"end":{"line":5,"column":28}},"loc":{"start":{"line":5,"column":47},"end":{"line":15,"column":1}},"line":5},"1":{"name":"(anonymous_1)","decl":{"start":{"line":17,"column":23},"end":{"line":17,"column":24}},"loc":{"start":{"line":17,"column":43},"end":{"line":28,"column":1}},"line":17},"2":{"name":"(anonymous_2)","decl":{"start":{"line":30,"column":26},"end":{"line":30,"column":27}},"loc":{"start":{"line":30,"column":46},"end":{"line":44,"column":1}},"line":30},"3":{"name":"(anonymous_3)","decl":{"start":{"line":46,"column":26},"end":{"line":46,"column":27}},"loc":{"start":{"line":46,"column":52},"end":{"line":74,"column":1}},"line":46}},"branchMap":{},"s":{"0":1,"1":0,"2":0,"3":0,"4":0,"5":0,"6":1,"7":0,"8":0,"9":0,"10":0,"11":0,"12":0,"13":1,"14":0,"15":0,"16":0,"17":0,"18":0,"19":0,"20":0,"21":1,"22":0,"23":0,"24":0,"25":0,"26":0,"27":0,"28":0,"29":0},"f":{"0":0,"1":0,"2":0,"3":0},"b":{},"_coverageSchema":"1a1c01bbd47fc00a2c39e90264f33305004495a9","hash":"06d0971ef7885a27a7fc0c27f0e523a8fc2eeddc"}
,"C:\\Users\\Klaas\\Desktop\\pgm3-herexamen -klaas-cornette\\opdracht-ek2-a-spotify-application-klaas-cornette\\src\\docs\\schemas.js": {"path":"C:\\Users\\Klaas\\Desktop\\pgm3-herexamen -klaas-cornette\\opdracht-ek2-a-spotify-application-klaas-cornette\\src\\docs\\schemas.js","statementMap":{},"fnMap":{},"branchMap":{},"s":{},"f":{},"b":{},"_coverageSchema":"1a1c01bbd47fc00a2c39e90264f33305004495a9","hash":"e43a23d55f6d48f0d08c21985d31785582fe617e"}
,"C:\\Users\\Klaas\\Desktop\\pgm3-herexamen -klaas-cornette\\opdracht-ek2-a-spotify-application-klaas-cornette\\src\\docs\\swagger.js": {"path":"C:\\Users\\Klaas\\Desktop\\pgm3-herexamen -klaas-cornette\\opdracht-ek2-a-spotify-application-klaas-cornette\\src\\docs\\swagger.js","statementMap":{},"fnMap":{},"branchMap":{},"s":{},"f":{},"b":{},"_coverageSchema":"1a1c01bbd47fc00a2c39e90264f33305004495a9","hash":"ed803b4096e1457a723331e8f2bb84355f911826"}
,"C:\\Users\\Klaas\\Desktop\\pgm3-herexamen -klaas-cornette\\opdracht-ek2-a-spotify-application-klaas-cornette\\src\\docs\\paths\\commands.js": {"path":"C:\\Users\\Klaas\\Desktop\\pgm3-herexamen -klaas-cornette\\opdracht-ek2-a-spotify-application-klaas-cornette\\src\\docs\\paths\\commands.js","statementMap":{},"fnMap":{},"branchMap":{},"s":{},"f":{},"b":{},"_coverageSchema":"1a1c01bbd47fc00a2c39e90264f33305004495a9","hash":"8e47eca415cca83a05ad6e8695a088869dcd1d20"}
,"C:\\Users\\Klaas\\Desktop\\pgm3-herexamen -klaas-cornette\\opdracht-ek2-a-spotify-application-klaas-cornette\\src\\docs\\paths\\exercises.js": {"path":"C:\\Users\\Klaas\\Desktop\\pgm3-herexamen -klaas-cornette\\opdracht-ek2-a-spotify-application-klaas-cornette\\src\\docs\\paths\\exercises.js","statementMap":{},"fnMap":{},"branchMap":{},"s":{},"f":{},"b":{},"_coverageSchema":"1a1c01bbd47fc00a2c39e90264f33305004495a9","hash":"d90c0b6f3efc6e16a305389497fb859fd2229a3d"}
,"C:\\Users\\Klaas\\Desktop\\pgm3-herexamen -klaas-cornette\\opdracht-ek2-a-spotify-application-klaas-cornette\\src\\docs\\paths\\index.js": {"path":"C:\\Users\\Klaas\\Desktop\\pgm3-herexamen -klaas-cornette\\opdracht-ek2-a-spotify-application-klaas-cornette\\src\\docs\\paths\\index.js","statementMap":{},"fnMap":{},"branchMap":{},"s":{},"f":{},"b":{},"_coverageSchema":"1a1c01bbd47fc00a2c39e90264f33305004495a9","hash":"77234150f712c05c0ef5e4a036b1b2efbd425733"}
,"C:\\Users\\Klaas\\Desktop\\pgm3-herexamen -klaas-cornette\\opdracht-ek2-a-spotify-application-klaas-cornette\\src\\docs\\paths\\klassen.js": {"path":"C:\\Users\\Klaas\\Desktop\\pgm3-herexamen -klaas-cornette\\opdracht-ek2-a-spotify-application-klaas-cornette\\src\\docs\\paths\\klassen.js","statementMap":{},"fnMap":{},"branchMap":{},"s":{},"f":{},"b":{},"_coverageSchema":"1a1c01bbd47fc00a2c39e90264f33305004495a9","hash":"6b9caa45841f297b20f05add8045f0609ca4eff2"}
,"C:\\Users\\Klaas\\Desktop\\pgm3-herexamen -klaas-cornette\\opdracht-ek2-a-spotify-application-klaas-cornette\\src\\docs\\paths\\staf.js": {"path":"C:\\Users\\Klaas\\Desktop\\pgm3-herexamen -klaas-cornette\\opdracht-ek2-a-spotify-application-klaas-cornette\\src\\docs\\paths\\staf.js","statementMap":{},"fnMap":{},"branchMap":{},"s":{},"f":{},"b":{},"_coverageSchema":"1a1c01bbd47fc00a2c39e90264f33305004495a9","hash":"9dd5b66ef931d19635f35d3a2d910fef81a14f5f"}
,"C:\\Users\\Klaas\\Desktop\\pgm3-herexamen -klaas-cornette\\opdracht-ek2-a-spotify-application-klaas-cornette\\src\\docs\\paths\\students.js": {"path":"C:\\Users\\Klaas\\Desktop\\pgm3-herexamen -klaas-cornette\\opdracht-ek2-a-spotify-application-klaas-cornette\\src\\docs\\paths\\students.js","statementMap":{},"fnMap":{},"branchMap":{},"s":{},"f":{},"b":{},"_coverageSchema":"1a1c01bbd47fc00a2c39e90264f33305004495a9","hash":"6bf7d4180be43cb2d82e7221ec8e555943753cc2"}
,"C:\\Users\\Klaas\\Desktop\\pgm3-herexamen -klaas-cornette\\opdracht-ek2-a-spotify-application-klaas-cornette\\src\\docs\\paths\\usermeta.js": {"path":"C:\\Users\\Klaas\\Desktop\\pgm3-herexamen -klaas-cornette\\opdracht-ek2-a-spotify-application-klaas-cornette\\src\\docs\\paths\\usermeta.js","statementMap":{},"fnMap":{},"branchMap":{},"s":{},"f":{},"b":{},"_coverageSchema":"1a1c01bbd47fc00a2c39e90264f33305004495a9","hash":"9fcd1841ecb9792cee0b6a4b6d5d9fd36246af4b"}
,"C:\\Users\\Klaas\\Desktop\\pgm3-herexamen -klaas-cornette\\opdracht-ek2-a-spotify-application-klaas-cornette\\src\\docs\\paths\\vakken.js": {"path":"C:\\Users\\Klaas\\Desktop\\pgm3-herexamen -klaas-cornette\\opdracht-ek2-a-spotify-application-klaas-cornette\\src\\docs\\paths\\vakken.js","statementMap":{},"fnMap":{},"branchMap":{},"s":{},"f":{},"b":{},"_coverageSchema":"1a1c01bbd47fc00a2c39e90264f33305004495a9","hash":"10fe2f1dce3affbe6b56647b97b14ffa3d1cf219"}
,"C:\\Users\\Klaas\\Desktop\\pgm3-herexamen -klaas-cornette\\opdracht-ek2-a-spotify-application-klaas-cornette\\src\\docs\\responses\\commands.js": {"path":"C:\\Users\\Klaas\\Desktop\\pgm3-herexamen -klaas-cornette\\opdracht-ek2-a-spotify-application-klaas-cornette\\src\\docs\\responses\\commands.js","statementMap":{},"fnMap":{},"branchMap":{},"s":{},"f":{},"b":{},"_coverageSchema":"1a1c01bbd47fc00a2c39e90264f33305004495a9","hash":"363d53a822f992d08254ca3df56a30ae27fc9b1f"}
,"C:\\Users\\Klaas\\Desktop\\pgm3-herexamen -klaas-cornette\\opdracht-ek2-a-spotify-application-klaas-cornette\\src\\docs\\responses\\exercises.js": {"path":"C:\\Users\\Klaas\\Desktop\\pgm3-herexamen -klaas-cornette\\opdracht-ek2-a-spotify-application-klaas-cornette\\src\\docs\\responses\\exercises.js","statementMap":{},"fnMap":{},"branchMap":{},"s":{},"f":{},"b":{},"_coverageSchema":"1a1c01bbd47fc00a2c39e90264f33305004495a9","hash":"9a8bdf491c5ee171c27021b51216f3a4c6dd3165"}
,"C:\\Users\\Klaas\\Desktop\\pgm3-herexamen -klaas-cornette\\opdracht-ek2-a-spotify-application-klaas-cornette\\src\\docs\\responses\\klassen.js": {"path":"C:\\Users\\Klaas\\Desktop\\pgm3-herexamen -klaas-cornette\\opdracht-ek2-a-spotify-application-klaas-cornette\\src\\docs\\responses\\klassen.js","statementMap":{},"fnMap":{},"branchMap":{},"s":{},"f":{},"b":{},"_coverageSchema":"1a1c01bbd47fc00a2c39e90264f33305004495a9","hash":"006404d79b9f38a7394d170b51bc5914331131b8"}
,"C:\\Users\\Klaas\\Desktop\\pgm3-herexamen -klaas-cornette\\opdracht-ek2-a-spotify-application-klaas-cornette\\src\\docs\\responses\\staf.js": {"path":"C:\\Users\\Klaas\\Desktop\\pgm3-herexamen -klaas-cornette\\opdracht-ek2-a-spotify-application-klaas-cornette\\src\\docs\\responses\\staf.js","statementMap":{},"fnMap":{},"branchMap":{},"s":{},"f":{},"b":{},"_coverageSchema":"1a1c01bbd47fc00a2c39e90264f33305004495a9","hash":"fb72e110c11a24e23d1479e8d846767612d38190"}
,"C:\\Users\\Klaas\\Desktop\\pgm3-herexamen -klaas-cornette\\opdracht-ek2-a-spotify-application-klaas-cornette\\src\\docs\\responses\\students.js": {"path":"C:\\Users\\Klaas\\Desktop\\pgm3-herexamen -klaas-cornette\\opdracht-ek2-a-spotify-application-klaas-cornette\\src\\docs\\responses\\students.js","statementMap":{},"fnMap":{},"branchMap":{},"s":{},"f":{},"b":{},"_coverageSchema":"1a1c01bbd47fc00a2c39e90264f33305004495a9","hash":"a4a07bc6a1ab3cbf3913268e87bf4f39f6836869"}
,"C:\\Users\\Klaas\\Desktop\\pgm3-herexamen -klaas-cornette\\opdracht-ek2-a-spotify-application-klaas-cornette\\src\\docs\\responses\\usermeta.js": {"path":"C:\\Users\\Klaas\\Desktop\\pgm3-herexamen -klaas-cornette\\opdracht-ek2-a-spotify-application-klaas-cornette\\src\\docs\\responses\\usermeta.js","statementMap":{},"fnMap":{},"branchMap":{},"s":{},"f":{},"b":{},"_coverageSchema":"1a1c01bbd47fc00a2c39e90264f33305004495a9","hash":"3a873879fa74b3a6a2633f8d1e64817b0f96f4e5"}
,"C:\\Users\\Klaas\\Desktop\\pgm3-herexamen -klaas-cornette\\opdracht-ek2-a-spotify-application-klaas-cornette\\src\\docs\\responses\\vakken.js": {"path":"C:\\Users\\Klaas\\Desktop\\pgm3-herexamen -klaas-cornette\\opdracht-ek2-a-spotify-application-klaas-cornette\\src\\docs\\responses\\vakken.js","statementMap":{},"fnMap":{},"branchMap":{},"s":{},"f":{},"b":{},"_coverageSchema":"1a1c01bbd47fc00a2c39e90264f33305004495a9","hash":"7d68ad892f1700e0e90e7f30b93e173971b023c1"}
,"C:\\Users\\Klaas\\Desktop\\pgm3-herexamen -klaas-cornette\\opdracht-ek2-a-spotify-application-klaas-cornette\\src\\lib\\DataSource.js": {"path":"C:\\Users\\Klaas\\Desktop\\pgm3-herexamen -klaas-cornette\\opdracht-ek2-a-spotify-application-klaas-cornette\\src\\lib\\DataSource.js","statementMap":{"0":{"start":{"line":13,"column":0},"end":{"line":13,"column":16}},"1":{"start":{"line":15,"column":17},"end":{"line":23,"column":1}},"2":{"start":{"line":24,"column":11},"end":{"line":29,"column":2}}},"fnMap":{},"branchMap":{},"s":{"0":1,"1":1,"2":1},"f":{},"b":{},"_coverageSchema":"1a1c01bbd47fc00a2c39e90264f33305004495a9","hash":"3298bbc10d65b131f0d5b0531557d870b657b54e"}
,"C:\\Users\\Klaas\\Desktop\\pgm3-herexamen -klaas-cornette\\opdracht-ek2-a-spotify-application-klaas-cornette\\src\\lib\\HandlebarsHelpers.js": {"path":"C:\\Users\\Klaas\\Desktop\\pgm3-herexamen -klaas-cornette\\opdracht-ek2-a-spotify-application-klaas-cornette\\src\\lib\\HandlebarsHelpers.js","statementMap":{"0":{"start":{"line":3,"column":4},"end":{"line":3,"column":38}},"1":{"start":{"line":6,"column":4},"end":{"line":6,"column":19}},"2":{"start":{"line":9,"column":4},"end":{"line":9,"column":19}},"3":{"start":{"line":12,"column":4},"end":{"line":12,"column":68}}},"fnMap":{"0":{"name":"(anonymous_0)","decl":{"start":{"line":2,"column":2},"end":{"line":2,"column":3}},"loc":{"start":{"line":2,"column":13},"end":{"line":4,"column":3}},"line":2},"1":{"name":"(anonymous_1)","decl":{"start":{"line":5,"column":2},"end":{"line":5,"column":3}},"loc":{"start":{"line":5,"column":14},"end":{"line":7,"column":3}},"line":5},"2":{"name":"(anonymous_2)","decl":{"start":{"line":8,"column":2},"end":{"line":8,"column":3}},"loc":{"start":{"line":8,"column":11},"end":{"line":10,"column":3}},"line":8},"3":{"name":"(anonymous_3)","decl":{"start":{"line":11,"column":2},"end":{"line":11,"column":3}},"loc":{"start":{"line":11,"column":32},"end":{"line":13,"column":3}},"line":11}},"branchMap":{"0":{"loc":{"start":{"line":12,"column":11},"end":{"line":12,"column":67}},"type":"cond-expr","locations":[{"start":{"line":12,"column":27},"end":{"line":12,"column":43}},{"start":{"line":12,"column":46},"end":{"line":12,"column":67}}],"line":12}},"s":{"0":0,"1":0,"2":0,"3":0},"f":{"0":0,"1":0,"2":0,"3":0},"b":{"0":[0,0]},"_coverageSchema":"1a1c01bbd47fc00a2c39e90264f33305004495a9","hash":"1cd8e04e8d5e64bede3d04e3e56d7f455d4d79c5"}
,"C:\\Users\\Klaas\\Desktop\\pgm3-herexamen -klaas-cornette\\opdracht-ek2-a-spotify-application-klaas-cornette\\src\\lib\\helpers.js": {"path":"C:\\Users\\Klaas\\Desktop\\pgm3-herexamen -klaas-cornette\\opdracht-ek2-a-spotify-application-klaas-cornette\\src\\lib\\helpers.js","statementMap":{"0":{"start":{"line":5,"column":26},"end":{"line":29,"column":1}},"1":{"start":{"line":7,"column":22},"end":{"line":7,"column":64}},"2":{"start":{"line":10,"column":22},"end":{"line":20,"column":33}},"3":{"start":{"line":13,"column":24},"end":{"line":16,"column":5}},"4":{"start":{"line":18,"column":20},"end":{"line":18,"column":45}},"5":{"start":{"line":20,"column":19},"end":{"line":20,"column":32}},"6":{"start":{"line":22,"column":18},"end":{"line":26,"column":5}},"7":{"start":{"line":22,"column":47},"end":{"line":26,"column":3}},"8":{"start":{"line":28,"column":2},"end":{"line":28,"column":17}}},"fnMap":{"0":{"name":"(anonymous_0)","decl":{"start":{"line":5,"column":26},"end":{"line":5,"column":27}},"loc":{"start":{"line":5,"column":32},"end":{"line":29,"column":1}},"line":5},"1":{"name":"(anonymous_1)","decl":{"start":{"line":13,"column":9},"end":{"line":13,"column":10}},"loc":{"start":{"line":13,"column":24},"end":{"line":16,"column":5}},"line":13},"2":{"name":"(anonymous_2)","decl":{"start":{"line":18,"column":10},"end":{"line":18,"column":11}},"loc":{"start":{"line":18,"column":20},"end":{"line":18,"column":45}},"line":18},"3":{"name":"(anonymous_3)","decl":{"start":{"line":20,"column":9},"end":{"line":20,"column":10}},"loc":{"start":{"line":20,"column":19},"end":{"line":20,"column":32}},"line":20},"4":{"name":"(anonymous_4)","decl":{"start":{"line":22,"column":34},"end":{"line":22,"column":35}},"loc":{"start":{"line":22,"column":47},"end":{"line":26,"column":3}},"line":22}},"branchMap":{},"s":{"0":1,"1":0,"2":0,"3":0,"4":0,"5":0,"6":0,"7":0,"8":0},"f":{"0":0,"1":0,"2":0,"3":0,"4":0},"b":{},"_coverageSchema":"1a1c01bbd47fc00a2c39e90264f33305004495a9","hash":"68e793a739b6bdf02476fc53a1db0572fad0fee8"}
,"C:\\Users\\Klaas\\Desktop\\pgm3-herexamen -klaas-cornette\\opdracht-ek2-a-spotify-application-klaas-cornette\\src\\middleware\\jwtAuth.js": {"path":"C:\\Users\\Klaas\\Desktop\\pgm3-herexamen -klaas-cornette\\opdracht-ek2-a-spotify-application-klaas-cornette\\src\\middleware\\jwtAuth.js","statementMap":{"0":{"start":{"line":7,"column":0},"end":{"line":7,"column":16}},"1":{"start":{"line":9,"column":23},"end":{"line":35,"column":1}},"2":{"start":{"line":10,"column":20},"end":{"line":10,"column":31}},"3":{"start":{"line":12,"column":2},"end":{"line":34,"column":3}},"4":{"start":{"line":14,"column":19},"end":{"line":14,"column":60}},"5":{"start":{"line":15,"column":21},"end":{"line":15,"column":62}},"6":{"start":{"line":17,"column":27},"end":{"line":17,"column":59}},"7":{"start":{"line":19,"column":17},"end":{"line":22,"column":6}},"8":{"start":{"line":25,"column":4},"end":{"line":25,"column":23}},"9":{"start":{"line":27,"column":4},"end":{"line":27,"column":20}},"10":{"start":{"line":30,"column":4},"end":{"line":30,"column":11}},"11":{"start":{"line":32,"column":4},"end":{"line":32,"column":29}},"12":{"start":{"line":33,"column":4},"end":{"line":33,"column":34}},"13":{"start":{"line":37,"column":28},"end":{"line":65,"column":1}},"14":{"start":{"line":38,"column":20},"end":{"line":38,"column":31}},"15":{"start":{"line":40,"column":2},"end":{"line":64,"column":3}},"16":{"start":{"line":42,"column":19},"end":{"line":42,"column":60}},"17":{"start":{"line":43,"column":21},"end":{"line":43,"column":62}},"18":{"start":{"line":45,"column":27},"end":{"line":45,"column":59}},"19":{"start":{"line":47,"column":17},"end":{"line":50,"column":6}},"20":{"start":{"line":51,"column":4},"end":{"line":51,"column":23}},"21":{"start":{"line":53,"column":4},"end":{"line":53,"column":20}},"22":{"start":{"line":54,"column":4},"end":{"line":58,"column":5}},"23":{"start":{"line":55,"column":6},"end":{"line":55,"column":78}},"24":{"start":{"line":57,"column":6},"end":{"line":57,"column":13}},"25":{"start":{"line":61,"column":4},"end":{"line":61,"column":18}},"26":{"start":{"line":62,"column":4},"end":{"line":62,"column":29}},"27":{"start":{"line":63,"column":4},"end":{"line":63,"column":34}},"28":{"start":{"line":67,"column":29},"end":{"line":98,"column":1}},"29":{"start":{"line":68,"column":20},"end":{"line":68,"column":31}},"30":{"start":{"line":70,"column":2},"end":{"line":97,"column":3}},"31":{"start":{"line":72,"column":19},"end":{"line":72,"column":60}},"32":{"start":{"line":73,"column":21},"end":{"line":73,"column":62}},"33":{"start":{"line":75,"column":27},"end":{"line":75,"column":59}},"34":{"start":{"line":77,"column":17},"end":{"line":80,"column":6}},"35":{"start":{"line":81,"column":4},"end":{"line":81,"column":32}},"36":{"start":{"line":85,"column":4},"end":{"line":85,"column":23}},"37":{"start":{"line":87,"column":4},"end":{"line":87,"column":20}},"38":{"start":{"line":88,"column":4},"end":{"line":92,"column":5}},"39":{"start":{"line":89,"column":6},"end":{"line":89,"column":78}},"40":{"start":{"line":91,"column":6},"end":{"line":91,"column":13}},"41":{"start":{"line":95,"column":4},"end":{"line":95,"column":29}},"42":{"start":{"line":96,"column":4},"end":{"line":96,"column":34}}},"fnMap":{"0":{"name":"(anonymous_0)","decl":{"start":{"line":9,"column":23},"end":{"line":9,"column":24}},"loc":{"start":{"line":9,"column":49},"end":{"line":35,"column":1}},"line":9},"1":{"name":"(anonymous_1)","decl":{"start":{"line":37,"column":28},"end":{"line":37,"column":29}},"loc":{"start":{"line":37,"column":54},"end":{"line":65,"column":1}},"line":37},"2":{"name":"(anonymous_2)","decl":{"start":{"line":67,"column":29},"end":{"line":67,"column":30}},"loc":{"start":{"line":67,"column":55},"end":{"line":98,"column":1}},"line":67}},"branchMap":{"0":{"loc":{"start":{"line":54,"column":4},"end":{"line":58,"column":5}},"type":"if","locations":[{"start":{"line":54,"column":4},"end":{"line":58,"column":5}},{"start":{"line":56,"column":10},"end":{"line":58,"column":5}}],"line":54},"1":{"loc":{"start":{"line":88,"column":4},"end":{"line":92,"column":5}},"type":"if","locations":[{"start":{"line":88,"column":4},"end":{"line":92,"column":5}},{"start":{"line":90,"column":10},"end":{"line":92,"column":5}}],"line":88},"2":{"loc":{"start":{"line":88,"column":7},"end":{"line":88,"column":64}},"type":"binary-expr","locations":[{"start":{"line":88,"column":7},"end":{"line":88,"column":33}},{"start":{"line":88,"column":37},"end":{"line":88,"column":64}}],"line":88}},"s":{"0":1,"1":1,"2":0,"3":0,"4":0,"5":0,"6":0,"7":0,"8":0,"9":0,"10":0,"11":0,"12":0,"13":1,"14":0,"15":0,"16":0,"17":0,"18":0,"19":0,"20":0,"21":0,"22":0,"23":0,"24":0,"25":0,"26":0,"27":0,"28":1,"29":0,"30":0,"31":0,"32":0,"33":0,"34":0,"35":0,"36":0,"37":0,"38":0,"39":0,"40":0,"41":0,"42":0},"f":{"0":0,"1":0,"2":0},"b":{"0":[0,0],"1":[0,0],"2":[0,0]},"_coverageSchema":"1a1c01bbd47fc00a2c39e90264f33305004495a9","hash":"287bece93d062f285b58f42d412a8dc28f4a303d"}
,"C:\\Users\\Klaas\\Desktop\\pgm3-herexamen -klaas-cornette\\opdracht-ek2-a-spotify-application-klaas-cornette\\src\\middleware\\saveAvatar.js": {"path":"C:\\Users\\Klaas\\Desktop\\pgm3-herexamen -klaas-cornette\\opdracht-ek2-a-spotify-application-klaas-cornette\\src\\middleware\\saveAvatar.js","statementMap":{"0":{"start":{"line":12,"column":26},"end":{"line":61,"column":1}},"1":{"start":{"line":13,"column":19},"end":{"line":13,"column":22}},"2":{"start":{"line":14,"column":2},"end":{"line":14,"column":20}},"3":{"start":{"line":17,"column":2},"end":{"line":17,"column":27}},"4":{"start":{"line":17,"column":13},"end":{"line":17,"column":27}},"5":{"start":{"line":20,"column":2},"end":{"line":59,"column":3}},"6":{"start":{"line":28,"column":22},"end":{"line":28,"column":56}},"7":{"start":{"line":31,"column":27},"end":{"line":31,"column":51}},"8":{"start":{"line":34,"column":4},"end":{"line":39,"column":67}},"9":{"start":{"line":41,"column":21},"end":{"line":41,"column":58}},"10":{"start":{"line":44,"column":24},"end":{"line":44,"column":32}},"11":{"start":{"line":45,"column":15},"end":{"line":45,"column":34}},"12":{"start":{"line":46,"column":21},"end":{"line":46,"column":63}},"13":{"start":{"line":47,"column":17},"end":{"line":49,"column":6}},"14":{"start":{"line":50,"column":4},"end":{"line":53,"column":6}},"15":{"start":{"line":55,"column":4},"end":{"line":55,"column":34}},"16":{"start":{"line":57,"column":4},"end":{"line":57,"column":43}},"17":{"start":{"line":58,"column":4},"end":{"line":58,"column":40}},"18":{"start":{"line":60,"column":2},"end":{"line":60,"column":9}}},"fnMap":{"0":{"name":"(anonymous_0)","decl":{"start":{"line":12,"column":26},"end":{"line":12,"column":27}},"loc":{"start":{"line":12,"column":52},"end":{"line":61,"column":1}},"line":12}},"branchMap":{"0":{"loc":{"start":{"line":17,"column":2},"end":{"line":17,"column":27}},"type":"if","locations":[{"start":{"line":17,"column":2},"end":{"line":17,"column":27}},{"start":{},"end":{}}],"line":17},"1":{"loc":{"start":{"line":20,"column":2},"end":{"line":59,"column":3}},"type":"if","locations":[{"start":{"line":20,"column":2},"end":{"line":59,"column":3}},{"start":{"line":56,"column":9},"end":{"line":59,"column":3}}],"line":20},"2":{"loc":{"start":{"line":21,"column":4},"end":{"line":25,"column":33}},"type":"binary-expr","locations":[{"start":{"line":21,"column":4},"end":{"line":21,"column":33}},{"start":{"line":22,"column":4},"end":{"line":22,"column":33}},{"start":{"line":23,"column":4},"end":{"line":23,"column":34}},{"start":{"line":24,"column":4},"end":{"line":24,"column":33}},{"start":{"line":25,"column":4},"end":{"line":25,"column":33}}],"line":21}},"s":{"0":1,"1":0,"2":0,"3":0,"4":0,"5":0,"6":0,"7":0,"8":0,"9":0,"10":0,"11":0,"12":0,"13":0,"14":0,"15":0,"16":0,"17":0,"18":0},"f":{"0":0},"b":{"0":[0,0],"1":[0,0],"2":[0,0,0,0,0]},"_coverageSchema":"1a1c01bbd47fc00a2c39e90264f33305004495a9","hash":"fbcd740438a68b7ce5ae450503ba37f3ec539fd1"}
,"C:\\Users\\Klaas\\Desktop\\pgm3-herexamen -klaas-cornette\\opdracht-ek2-a-spotify-application-klaas-cornette\\src\\middleware\\validation\\Authentication.js": {"path":"C:\\Users\\Klaas\\Desktop\\pgm3-herexamen -klaas-cornette\\opdracht-ek2-a-spotify-application-klaas-cornette\\src\\middleware\\validation\\Authentication.js","statementMap":{},"fnMap":{},"branchMap":{},"s":{},"f":{},"b":{},"_coverageSchema":"1a1c01bbd47fc00a2c39e90264f33305004495a9","hash":"66d3bc20c6ce6aa745b30438a658076fbf983042"}
,"C:\\Users\\Klaas\\Desktop\\pgm3-herexamen -klaas-cornette\\opdracht-ek2-a-spotify-application-klaas-cornette\\src\\middleware\\validation\\AuthenticationRegistration.js": {"path":"C:\\Users\\Klaas\\Desktop\\pgm3-herexamen -klaas-cornette\\opdracht-ek2-a-spotify-application-klaas-cornette\\src\\middleware\\validation\\AuthenticationRegistration.js","statementMap":{},"fnMap":{},"branchMap":{},"s":{},"f":{},"b":{},"_coverageSchema":"1a1c01bbd47fc00a2c39e90264f33305004495a9","hash":"4f7d4a79e631caacff1d627915179d2b4eb058f8"}
,"C:\\Users\\Klaas\\Desktop\\pgm3-herexamen -klaas-cornette\\opdracht-ek2-a-spotify-application-klaas-cornette\\src\\middleware\\validation\\AuthenticationUser.js": {"path":"C:\\Users\\Klaas\\Desktop\\pgm3-herexamen -klaas-cornette\\opdracht-ek2-a-spotify-application-klaas-cornette\\src\\middleware\\validation\\AuthenticationUser.js","statementMap":{},"fnMap":{},"branchMap":{},"s":{},"f":{},"b":{},"_coverageSchema":"1a1c01bbd47fc00a2c39e90264f33305004495a9","hash":"00c95087a1a1d07b53841490d0bb72383fec8502"}
,"C:\\Users\\Klaas\\Desktop\\pgm3-herexamen -klaas-cornette\\opdracht-ek2-a-spotify-application-klaas-cornette\\src\\models\\Album.js": {"path":"C:\\Users\\Klaas\\Desktop\\pgm3-herexamen -klaas-cornette\\opdracht-ek2-a-spotify-application-klaas-cornette\\src\\models\\Album.js","statementMap":{"0":{"start":{"line":3,"column":25},"end":{"line":3,"column":32}}},"fnMap":{},"branchMap":{},"s":{"0":1},"f":{},"b":{},"_coverageSchema":"1a1c01bbd47fc00a2c39e90264f33305004495a9","hash":"9d7bef41433bc35e26c9c7c69fc3aa826d138ce3"}
,"C:\\Users\\Klaas\\Desktop\\pgm3-herexamen -klaas-cornette\\opdracht-ek2-a-spotify-application-klaas-cornette\\src\\models\\Artist.js": {"path":"C:\\Users\\Klaas\\Desktop\\pgm3-herexamen -klaas-cornette\\opdracht-ek2-a-spotify-application-klaas-cornette\\src\\models\\Artist.js","statementMap":{"0":{"start":{"line":3,"column":25},"end":{"line":3,"column":32}}},"fnMap":{},"branchMap":{},"s":{"0":1},"f":{},"b":{},"_coverageSchema":"1a1c01bbd47fc00a2c39e90264f33305004495a9","hash":"36ea28c95dc16e35d9a661477e5879ff75560217"}
,"C:\\Users\\Klaas\\Desktop\\pgm3-herexamen -klaas-cornette\\opdracht-ek2-a-spotify-application-klaas-cornette\\src\\models\\Playlist.js": {"path":"C:\\Users\\Klaas\\Desktop\\pgm3-herexamen -klaas-cornette\\opdracht-ek2-a-spotify-application-klaas-cornette\\src\\models\\Playlist.js","statementMap":{"0":{"start":{"line":3,"column":25},"end":{"line":3,"column":32}}},"fnMap":{},"branchMap":{},"s":{"0":1},"f":{},"b":{},"_coverageSchema":"1a1c01bbd47fc00a2c39e90264f33305004495a9","hash":"1aca16b81c0d3b3849aa26f9d8c85b544f71bcdb"}
,"C:\\Users\\Klaas\\Desktop\\pgm3-herexamen -klaas-cornette\\opdracht-ek2-a-spotify-application-klaas-cornette\\src\\models\\Role.js": {"path":"C:\\Users\\Klaas\\Desktop\\pgm3-herexamen -klaas-cornette\\opdracht-ek2-a-spotify-application-klaas-cornette\\src\\models\\Role.js","statementMap":{"0":{"start":{"line":2,"column":25},"end":{"line":2,"column":32}}},"fnMap":{},"branchMap":{},"s":{"0":1},"f":{},"b":{},"_coverageSchema":"1a1c01bbd47fc00a2c39e90264f33305004495a9","hash":"84dbb2a474a858a3f0443ef37c52e0984faec6df"}
,"C:\\Users\\Klaas\\Desktop\\pgm3-herexamen -klaas-cornette\\opdracht-ek2-a-spotify-application-klaas-cornette\\src\\models\\Song.js": {"path":"C:\\Users\\Klaas\\Desktop\\pgm3-herexamen -klaas-cornette\\opdracht-ek2-a-spotify-application-klaas-cornette\\src\\models\\Song.js","statementMap":{"0":{"start":{"line":3,"column":25},"end":{"line":3,"column":32}}},"fnMap":{},"branchMap":{},"s":{"0":1},"f":{},"b":{},"_coverageSchema":"1a1c01bbd47fc00a2c39e90264f33305004495a9","hash":"64f0046cd53b41f89e1c7a34070313103cb299c1"}
,"C:\\Users\\Klaas\\Desktop\\pgm3-herexamen -klaas-cornette\\opdracht-ek2-a-spotify-application-klaas-cornette\\src\\models\\User.js": {"path":"C:\\Users\\Klaas\\Desktop\\pgm3-herexamen -klaas-cornette\\opdracht-ek2-a-spotify-application-klaas-cornette\\src\\models\\User.js","statementMap":{"0":{"start":{"line":3,"column":25},"end":{"line":3,"column":32}}},"fnMap":{},"branchMap":{},"s":{"0":1},"f":{},"b":{},"_coverageSchema":"1a1c01bbd47fc00a2c39e90264f33305004495a9","hash":"d9bfc184c63cecce5696a7956f27923dc4b82d01"}
,"C:\\Users\\Klaas\\Desktop\\pgm3-herexamen -klaas-cornette\\opdracht-ek2-a-spotify-application-klaas-cornette\\src\\models\\Usermeta.js": {"path":"C:\\Users\\Klaas\\Desktop\\pgm3-herexamen -klaas-cornette\\opdracht-ek2-a-spotify-application-klaas-cornette\\src\\models\\Usermeta.js","statementMap":{"0":{"start":{"line":3,"column":25},"end":{"line":3,"column":32}}},"fnMap":{},"branchMap":{},"s":{"0":1},"f":{},"b":{},"_coverageSchema":"1a1c01bbd47fc00a2c39e90264f33305004495a9","hash":"28d3e94ee34798661048493f8253510d8d57bef9"}
}
